#
# A fatal error has been detected by the Java Runtime Environment:
#
#  SIGSEGV (0xb) at pc=0x00007f86390696ba, pid=30475, tid=140214192424704
#
# JRE version: Java(TM) SE Runtime Environment (8.0_66-b17) (build 1.8.0_66-b17)
# Java VM: Java HotSpot(TM) 64-Bit Server VM (25.66-b17 mixed mode linux-amd64 compressed oops)
# Problematic frame:
# v  ~BufferBlob::jni_fast_GetLongField
#
# Failed to write core dump. Core dumps have been disabled. To enable core dumping, try "ulimit -c unlimited" before starting Java again
#
# If you would like to submit a bug report, please visit:
#   http://bugreport.java.com/bugreport/crash.jsp
# The crash happened outside the Java Virtual Machine in native code.
# See problematic frame for where to report the bug.
#

---------------  T H R E A D  ---------------

Current thread (0x00007f86484fa800):  JavaThread "AWT-XAWT" daemon [_thread_in_native, id=30492, stack(0x00007f862911c000,0x00007f862921d000)]

siginfo: si_signo: 11 (SIGSEGV), si_code: 1 (SEGV_MAPERR), si_addr: 0x0000000000000000

Registers:
RAX=0x00007f8659fddfe0, RBX=0x00007f86484fa9f8, RCX=0x00007f865aa202e0, RDX=0x0000000000000042
RSP=0x00007f862921b5b8, RBP=0x00007f862921b5e0, RSI=0x0000000000000000, RDI=0x00007f86484fa9f8
R8 =0x00007f86588219e0, R9 =0x0000000000000000, R10=0x000000000000418e, R11=0x00007f865882a1d0
R12=0x0000000001e0ecd0, R13=0x0000000000000000, R14=0x00007f8629e1c7e0, R15=0x00007f86484fa800
RIP=0x00007f86390696ba, EFLAGS=0x0000000000010246, CSGSFS=0x0000000000000033, ERR=0x0000000000000004
  TRAPNO=0x000000000000000e

Top of Stack: (sp=0x00007f862921b5b8)
0x00007f862921b5b8:   00007f8629bfaef1 00007f8654e71030
0x00007f862921b5c8:   0000000001e0ecd0 00007f862921b690
0x00007f862921b5d8:   00007f862921b660 0000000000000000
0x00007f862921b5e8:   00007f865882a240 00007f8654e71030
0x00007f862921b5f8:   00007f862921b620 0000000000000000
0x00007f862921b608:   00007f8658821a03 00007f862921b690
0x00007f862921b618:   00007f8629bf412f 00007f862921b670
0x00007f862921b628:   00007f8639c5a776 00000000c4015758
0x00007f862921b638:   00007f8639869528 00000000c4015758
0x00007f862921b648:   00007f863911402c c4015a38c4015a38
0x00007f862921b658:   0000000000000007 00000000c3e8c9c8
0x00007f862921b668:   00007f8600000e30 00007f862921b6f0
0x00007f862921b678:   00007f8639007420 00007f862921b6f0
0x00007f862921b688:   00007f8639007420 0000000000000000
0x00007f862921b698:   00007f8639007760 00007f8600000e30
0x00007f862921b6a8:   00000000c4015758 00007f862921b6b0
0x00007f862921b6b8:   00007f8654de20c4 00007f862921b738
0x00007f862921b6c8:   00007f8654df9d78 0000000000000000
0x00007f862921b6d8:   00007f8654de2200 00007f862921b690
0x00007f862921b6e8:   00007f862921b730 00007f862921b780
0x00007f862921b6f8:   00007f8639007c4d 0000000000000000
0x00007f862921b708:   00000000c481ede0 0000000000000000
0x00007f862921b718:   0000000000000000 0000000000000000
0x00007f862921b728:   00000000c4015758 0000000000000000
0x00007f862921b738:   00000000c4635170 00007f862921b740
0x00007f862921b748:   00007f8654de1f05 00007f862921b790
0x00007f862921b758:   00007f8654df9d78 0000000000000000
0x00007f862921b768:   00007f8654de1f10 00007f862921b730
0x00007f862921b778:   00007f862921b790 00007f862921b7d8
0x00007f862921b788:   00007f8639007c92 00000000c4635170
0x00007f862921b798:   00007f862921b798 00007f8654a2e9cb
0x00007f862921b7a8:   00007f862921b7e8 00007f8654ab5480 

Instructions: (pc=0x00007f86390696ba)
0x00007f863906969a:   00 00 00 00 00 00 44 8b 15 c1 ee fa 20 4c 8b ce
0x00007f86390696aa:   41 f6 c2 01 0f 85 2e 00 00 00 4d 33 ca 4d 33 ca
0x00007f86390696ba:   4d 8b 09 4c 8b da 49 c1 eb 02 4b 8b 04 19 49 bb
0x00007f86390696ca:   68 85 01 5a 86 7f 00 00 4c 33 d8 4c 33 d8 45 3b 

Register to memory mapping:

RAX=0x00007f8659fddfe0: <offset 0xf74fe0> in /opt/arduino-1.6.7/java/lib/amd64/server/libjvm.so at 0x00007f8659069000
RBX=0x00007f86484fa9f8 is an unknown value
RCX=0x00007f865aa202e0: <offset 0x2182e0> in /lib/x86_64-linux-gnu/libpthread.so.0 at 0x00007f865a808000
RDX=0x0000000000000042 is an unknown value
RSP=0x00007f862921b5b8 is pointing into the stack for thread: 0x00007f86484fa800
RBP=0x00007f862921b5e0 is pointing into the stack for thread: 0x00007f86484fa800
RSI=0x0000000000000000 is an unknown value
RDI=0x00007f86484fa9f8 is an unknown value
R8 =0x00007f86588219e0: <offset 0x619e0> in /usr/lib/x86_64-linux-gnu/libX11.so.6 at 0x00007f86587c0000
R9 =0x0000000000000000 is an unknown value
R10=0x000000000000418e is an unknown value
R11=0x00007f865882a1d0: _XimServerDestroy+0 in /usr/lib/x86_64-linux-gnu/libX11.so.6 at 0x00007f86587c0000
R12=0x0000000001e0ecd0 is an unknown value
R13=0x0000000000000000 is an unknown value
R14=0x00007f8629e1c7e0: <offset 0x2587e0> in /opt/arduino-1.6.7/java/lib/amd64/libawt_xawt.so at 0x00007f8629bc4000
R15=0x00007f86484fa800 is a thread


Stack: [0x00007f862911c000,0x00007f862921d000],  sp=0x00007f862921b5b8,  free space=1021k
Native frames: (J=compiled Java code, j=interpreted, Vv=VM code, C=native code)
v  ~BufferBlob::jni_fast_GetLongField
C  [libX11.so.6+0x6a240]  _XimServerDestroy+0x70

Java frames: (J=compiled Java code, j=interpreted, Vv=VM code)
J 4698  sun.awt.X11.XlibWrapper.XFilterEvent(JJ)Z (0 bytes) @ 0x00007f8639c5a704 [0x00007f8639c5a6c0+0x44]
j  sun.awt.X11.XToolkit.run(Z)V+300
j  sun.awt.X11.XToolkit.run()V+5
j  java.lang.Thread.run()V+11
v  ~StubRoutines::call_stub

---------------  P R O C E S S  ---------------

Java Threads: ( => current thread )
  0x00007f85f400f000 JavaThread "process reaper" daemon [_thread_blocked, id=30601, stack(0x00007f8638024000,0x00007f863805d000)]
  0x00007f864800a000 JavaThread "DestroyJavaVM" [_thread_blocked, id=30477, stack(0x00007f8657579000,0x00007f865767a000)]
  0x00007f8648d40800 JavaThread "TimerQueue" daemon [_thread_blocked, id=30521, stack(0x00007f85c9ddc000,0x00007f85c9edd000)]
  0x00007f8648c94000 JavaThread "AWT-EventQueue-0" [_thread_blocked, id=30517, stack(0x00007f85c26c0000,0x00007f85c27c1000)]
  0x00007f8648c93800 JavaThread "AWT-Shutdown" [_thread_blocked, id=30516, stack(0x00007f85c29c1000,0x00007f85c2ac2000)]
  0x00007f85f802c000 JavaThread "JmDNS(192-168-2-151.local.).Timer" daemon [_thread_blocked, id=30505, stack(0x00007f85eb3db000,0x00007f85eb4dc000)]
  0x00007f85f802a000 JavaThread "JmDNS(192-168-2-151.local.).State.Timer" [_thread_blocked, id=30504, stack(0x00007f85eb4dc000,0x00007f85eb5dd000)]
  0x00007f85f8028800 JavaThread "JmDNS(192-168-2-151.local.).Timer" daemon [_thread_blocked, id=30503, stack(0x00007f85eb5dd000,0x00007f85eb6de000)]
  0x00007f85f8025800 JavaThread "SocketListener(192-168-2-151.local.)" daemon [_thread_in_native, id=30502, stack(0x00007f85eb6de000,0x00007f85eb7df000)]
  0x00007f85f8022800 JavaThread "JmDNS(fe80:0:0:0:a11:96ff:fe52:9648%wlan0.local.).Timer" daemon [_thread_blocked, id=30501, stack(0x00007f85eb7df000,0x00007f85eb8e0000)]
  0x00007f85f8021000 JavaThread "JmDNS(fe80:0:0:0:a11:96ff:fe52:9648%wlan0.local.).State.Timer" [_thread_blocked, id=30500, stack(0x00007f85eb8e0000,0x00007f85eb9e1000)]
  0x00007f85f801e800 JavaThread "JmDNS(fe80:0:0:0:a11:96ff:fe52:9648%wlan0.local.).Timer" daemon [_thread_blocked, id=30499, stack(0x00007f85eb9e1000,0x00007f85ebae2000)]
  0x00007f864864e000 JavaThread "cc.arduino.packages.discoverers.network.BoardReachabilityFilter" [_thread_blocked, id=30495, stack(0x00007f8628470000,0x00007f8628571000)]
  0x00007f864862c800 JavaThread "cc.arduino.packages.discoverers.network.NetworkChecker" [_thread_blocked, id=30494, stack(0x00007f8628571000,0x00007f8628672000)]
  0x00007f8648613000 JavaThread "cc.arduino.packages.discoverers.serial.SerialBoardsLister" [_thread_blocked, id=30493, stack(0x00007f8628672000,0x00007f8628773000)]
=>0x00007f86484fa800 JavaThread "AWT-XAWT" daemon [_thread_in_native, id=30492, stack(0x00007f862911c000,0x00007f862921d000)]
  0x00007f86484e8800 JavaThread "Java2D Disposer" daemon [_thread_blocked, id=30491, stack(0x00007f862921d000,0x00007f862931e000)]
  0x00007f86482ae000 JavaThread "Service Thread" daemon [_thread_blocked, id=30489, stack(0x00007f86380f1000,0x00007f86381f2000)]
  0x00007f86482a1000 JavaThread "C1 CompilerThread2" daemon [_thread_blocked, id=30488, stack(0x00007f86381f2000,0x00007f86382f3000)]
  0x00007f864829f800 JavaThread "C2 CompilerThread1" daemon [_thread_blocked, id=30487, stack(0x00007f86382f3000,0x00007f86383f4000)]
  0x00007f864829c800 JavaThread "C2 CompilerThread0" daemon [_thread_blocked, id=30486, stack(0x00007f86383f4000,0x00007f86384f5000)]
  0x00007f864829b000 JavaThread "Signal Dispatcher" daemon [_thread_blocked, id=30485, stack(0x00007f86384f5000,0x00007f86385f6000)]
  0x00007f8648264000 JavaThread "Finalizer" daemon [_thread_blocked, id=30484, stack(0x00007f86385f6000,0x00007f86386f7000)]
  0x00007f8648262000 JavaThread "Reference Handler" daemon [_thread_blocked, id=30483, stack(0x00007f86386f7000,0x00007f86387f8000)]

Other Threads:
  0x00007f864825d000 VMThread [stack: 0x00007f86387f8000,0x00007f86388f9000] [id=30482]
  0x00007f86482b1000 WatcherThread [stack: 0x00007f862a0ef000,0x00007f862a1f0000] [id=30490]

VM state:not at safepoint (normal execution)

VM Mutex/Monitor currently owned by a thread: None

Heap:
 PSYoungGen      total 54784K, used 17585K [0x00000000ebf80000, 0x00000000ef700000, 0x0000000100000000)
  eden space 53248K, 32% used [0x00000000ebf80000,0x00000000ed08c4e8,0x00000000ef380000)
  from space 1536K, 8% used [0x00000000ef380000,0x00000000ef3a0000,0x00000000ef500000)
  to   space 1536K, 0% used [0x00000000ef580000,0x00000000ef580000,0x00000000ef700000)
 ParOldGen       total 91136K, used 42227K [0x00000000c3e00000, 0x00000000c9700000, 0x00000000ebf80000)
  object space 91136K, 46% used [0x00000000c3e00000,0x00000000c673cd38,0x00000000c9700000)
 Metaspace       used 31506K, capacity 32100K, committed 32560K, reserved 1077248K
  class space    used 3655K, capacity 3800K, committed 3888K, reserved 1048576K

Card table byte_map: [0x00007f8655927000,0x00007f8655b09000] byte_map_base: 0x00007f8655308000

Marking Bits: (ParMarkBitMap*) 0x00007f865a018020
 Begin Bits: [0x00007f862a1f0000, 0x00007f862b0f8000)
 End Bits:   [0x00007f862b0f8000, 0x00007f862c000000)

Polling page: 0x00007f865ac3b000

CodeCache: size=245760Kb used=20316Kb max_used=20356Kb free=225443Kb
 bounds [0x00007f8639000000, 0x00007f863a410000, 0x00007f8648000000]
 total_blobs=6440 nmethods=5737 adapters=612
 compilation: enabled

Compilation events (10 events):
Event: 10660.017 Thread 0x00007f864829c800 7487       4       java.util.stream.AbstractPipeline::evaluate (94 bytes)
Event: 10660.023 Thread 0x00007f864829c800 nmethod 7487 0x00007f8639fa61d0 code [0x00007f8639fa6340, 0x00007f8639fa64f8]
Event: 10805.375 Thread 0x00007f86482a1000 7488       3       java.net.InetAddress::getByAddress (6 bytes)
Event: 10805.376 Thread 0x00007f86482a1000 nmethod 7488 0x00007f86397de7d0 code [0x00007f86397de940, 0x00007f86397deaa8]
Event: 10805.377 Thread 0x00007f86482a1000 7489       3       java.net.InetAddress::getByAddress (114 bytes)
Event: 10805.381 Thread 0x00007f86482a1000 nmethod 7489 0x00007f8639a50090 code [0x00007f8639a50340, 0x00007f8639a51748]
Event: 10805.383 Thread 0x00007f86482a1000 7490       3       javax.jmdns.impl.HostInfo::conflictWithRecord (52 bytes)
Event: 10805.385 Thread 0x00007f86482a1000 nmethod 7490 0x00007f863a363e90 code [0x00007f863a364080, 0x00007f863a364d88]
Event: 10813.363 Thread 0x00007f86482a1000 7491       3       sun.awt.X11.XClientMessageEvent::get_message_type (20 bytes)
Event: 10813.365 Thread 0x00007f86482a1000 nmethod 7491 0x00007f86398ca550 code [0x00007f86398ca6e0, 0x00007f86398caaa8]

GC Heap History (10 events):
Event: 10377.867 GC heap before
{Heap before GC invocations=97 (full 2):
 PSYoungGen      total 53248K, used 52384K [0x00000000ebf80000, 0x00000000ef580000, 0x0000000100000000)
  eden space 52224K, 100% used [0x00000000ebf80000,0x00000000ef280000,0x00000000ef280000)
  from space 1024K, 15% used [0x00000000ef480000,0x00000000ef4a8000,0x00000000ef580000)
  to   space 1536K, 0% used [0x00000000ef280000,0x00000000ef280000,0x00000000ef400000)
 ParOldGen       total 91136K, used 42219K [0x00000000c3e00000, 0x00000000c9700000, 0x00000000ebf80000)
  object space 91136K, 46% used [0x00000000c3e00000,0x00000000c673ad38,0x00000000c9700000)
 Metaspace       used 31498K, capacity 32036K, committed 32560K, reserved 1077248K
  class space    used 3655K, capacity 3800K, committed 3888K, reserved 1048576K
Event: 10377.869 GC heap after
Heap after GC invocations=97 (full 2):
 PSYoungGen      total 53760K, used 160K [0x00000000ebf80000, 0x00000000ef600000, 0x0000000100000000)
  eden space 52224K, 0% used [0x00000000ebf80000,0x00000000ebf80000,0x00000000ef280000)
  from space 1536K, 10% used [0x00000000ef280000,0x00000000ef2a8000,0x00000000ef400000)
  to   space 1536K, 0% used [0x00000000ef480000,0x00000000ef480000,0x00000000ef600000)
 ParOldGen       total 91136K, used 42227K [0x00000000c3e00000, 0x00000000c9700000, 0x00000000ebf80000)
  object space 91136K, 46% used [0x00000000c3e00000,0x00000000c673cd38,0x00000000c9700000)
 Metaspace       used 31498K, capacity 32036K, committed 32560K, reserved 1077248K
  class space    used 3655K, capacity 3800K, committed 3888K, reserved 1048576K
}
Event: 10500.871 GC heap before
{Heap before GC invocations=98 (full 2):
 PSYoungGen      total 53760K, used 52384K [0x00000000ebf80000, 0x00000000ef600000, 0x0000000100000000)
  eden space 52224K, 100% used [0x00000000ebf80000,0x00000000ef280000,0x00000000ef280000)
  from space 1536K, 10% used [0x00000000ef280000,0x00000000ef2a8000,0x00000000ef400000)
  to   space 1536K, 0% used [0x00000000ef480000,0x00000000ef480000,0x00000000ef600000)
 ParOldGen       total 91136K, used 42227K [0x00000000c3e00000, 0x00000000c9700000, 0x00000000ebf80000)
  object space 91136K, 46% used [0x00000000c3e00000,0x00000000c673cd38,0x00000000c9700000)
 Metaspace       used 31498K, capacity 32036K, committed 32560K, reserved 1077248K
  class space    used 3655K, capacity 3800K, committed 3888K, reserved 1048576K
Event: 10500.874 GC heap after
Heap after GC invocations=98 (full 2):
 PSYoungGen      total 54272K, used 160K [0x00000000ebf80000, 0x00000000ef600000, 0x0000000100000000)
  eden space 52736K, 0% used [0x00000000ebf80000,0x00000000ebf80000,0x00000000ef300000)
  from space 1536K, 10% used [0x00000000ef480000,0x00000000ef4a8000,0x00000000ef600000)
  to   space 1536K, 0% used [0x00000000ef300000,0x00000000ef300000,0x00000000ef480000)
 ParOldGen       total 91136K, used 42227K [0x00000000c3e00000, 0x00000000c9700000, 0x00000000ebf80000)
  object space 91136K, 46% used [0x00000000c3e00000,0x00000000c673cd38,0x00000000c9700000)
 Metaspace       used 31498K, capacity 32036K, committed 32560K, reserved 1077248K
  class space    used 3655K, capacity 3800K, committed 3888K, reserved 1048576K
}
Event: 10622.734 GC heap before
{Heap before GC invocations=99 (full 2):
 PSYoungGen      total 54272K, used 52896K [0x00000000ebf80000, 0x00000000ef600000, 0x0000000100000000)
  eden space 52736K, 100% used [0x00000000ebf80000,0x00000000ef300000,0x00000000ef300000)
  from space 1536K, 10% used [0x00000000ef480000,0x00000000ef4a8000,0x00000000ef600000)
  to   space 1536K, 0% used [0x00000000ef300000,0x00000000ef300000,0x00000000ef480000)
 ParOldGen       total 91136K, used 42227K [0x00000000c3e00000, 0x00000000c9700000, 0x00000000ebf80000)
  object space 91136K, 46% used [0x00000000c3e00000,0x00000000c673cd38,0x00000000c9700000)
 Metaspace       used 31498K, capacity 32036K, committed 32560K, reserved 1077248K
  class space    used 3655K, capacity 3800K, committed 3888K, reserved 1048576K
Event: 10622.737 GC heap after
Heap after GC invocations=99 (full 2):
 PSYoungGen      total 54272K, used 192K [0x00000000ebf80000, 0x00000000ef680000, 0x0000000100000000)
  eden space 52736K, 0% used [0x00000000ebf80000,0x00000000ebf80000,0x00000000ef300000)
  from space 1536K, 12% used [0x00000000ef300000,0x00000000ef330000,0x00000000ef480000)
  to   space 1536K, 0% used [0x00000000ef500000,0x00000000ef500000,0x00000000ef680000)
 ParOldGen       total 91136K, used 42227K [0x00000000c3e00000, 0x00000000c9700000, 0x00000000ebf80000)
  object space 91136K, 46% used [0x00000000c3e00000,0x00000000c673cd38,0x00000000c9700000)
 Metaspace       used 31498K, capacity 32036K, committed 32560K, reserved 1077248K
  class space    used 3655K, capacity 3800K, committed 3888K, reserved 1048576K
}
Event: 10743.886 GC heap before
{Heap before GC invocations=100 (full 2):
 PSYoungGen      total 54272K, used 52928K [0x00000000ebf80000, 0x00000000ef680000, 0x0000000100000000)
  eden space 52736K, 100% used [0x00000000ebf80000,0x00000000ef300000,0x00000000ef300000)
  from space 1536K, 12% used [0x00000000ef300000,0x00000000ef330000,0x00000000ef480000)
  to   space 1536K, 0% used [0x00000000ef500000,0x00000000ef500000,0x00000000ef680000)
 ParOldGen       total 91136K, used 42227K [0x00000000c3e00000, 0x00000000c9700000, 0x00000000ebf80000)
  object space 91136K, 46% used [0x00000000c3e00000,0x00000000c673cd38,0x00000000c9700000)
 Metaspace       used 31499K, capacity 32036K, committed 32560K, reserved 1077248K
  class space    used 3655K, capacity 3800K, committed 3888K, reserved 1048576K
Event: 10743.890 GC heap after
Heap after GC invocations=100 (full 2):
 PSYoungGen      total 54784K, used 160K [0x00000000ebf80000, 0x00000000ef680000, 0x0000000100000000)
  eden space 53248K, 0% used [0x00000000ebf80000,0x00000000ebf80000,0x00000000ef380000)
  from space 1536K, 10% used [0x00000000ef500000,0x00000000ef528000,0x00000000ef680000)
  to   space 1536K, 0% used [0x00000000ef380000,0x00000000ef380000,0x00000000ef500000)
 ParOldGen       total 91136K, used 42227K [0x00000000c3e00000, 0x00000000c9700000, 0x00000000ebf80000)
  object space 91136K, 46% used [0x00000000c3e00000,0x00000000c673cd38,0x00000000c9700000)
 Metaspace       used 31499K, capacity 32036K, committed 32560K, reserved 1077248K
  class space    used 3655K, capacity 3800K, committed 3888K, reserved 1048576K
}
Event: 10872.880 GC heap before
{Heap before GC invocations=101 (full 2):
 PSYoungGen      total 54784K, used 53408K [0x00000000ebf80000, 0x00000000ef680000, 0x0000000100000000)
  eden space 53248K, 100% used [0x00000000ebf80000,0x00000000ef380000,0x00000000ef380000)
  from space 1536K, 10% used [0x00000000ef500000,0x00000000ef528000,0x00000000ef680000)
  to   space 1536K, 0% used [0x00000000ef380000,0x00000000ef380000,0x00000000ef500000)
 ParOldGen       total 91136K, used 42227K [0x00000000c3e00000, 0x00000000c9700000, 0x00000000ebf80000)
  object space 91136K, 46% used [0x00000000c3e00000,0x00000000c673cd38,0x00000000c9700000)
 Metaspace       used 31506K, capacity 32100K, committed 32560K, reserved 1077248K
  class space    used 3655K, capacity 3800K, committed 3888K, reserved 1048576K
Event: 10872.886 GC heap after
Heap after GC invocations=101 (full 2):
 PSYoungGen      total 54784K, used 128K [0x00000000ebf80000, 0x00000000ef700000, 0x0000000100000000)
  eden space 53248K, 0% used [0x00000000ebf80000,0x00000000ebf80000,0x00000000ef380000)
  from space 1536K, 8% used [0x00000000ef380000,0x00000000ef3a0000,0x00000000ef500000)
  to   space 1536K, 0% used [0x00000000ef580000,0x00000000ef580000,0x00000000ef700000)
 ParOldGen       total 91136K, used 42227K [0x00000000c3e00000, 0x00000000c9700000, 0x00000000ebf80000)
  object space 91136K, 46% used [0x00000000c3e00000,0x00000000c673cd38,0x00000000c9700000)
 Metaspace       used 31506K, capacity 32100K, committed 32560K, reserved 1077248K
  class space    used 3655K, capacity 3800K, committed 3888K, reserved 1048576K
}

Deoptimization events (10 events):
Event: 3819.313 Thread 0x00007f8648c94000 Uncommon trap: reason=unstable_if action=reinterpret pc=0x00007f863a13733c method=java.awt.Rectangle.isEmpty()Z @ 11
Event: 3851.561 Thread 0x00007f8648c94000 Uncommon trap: reason=class_check action=maybe_recompile pc=0x00007f863a37ef94 method=sun.awt.im.InputMethodContext.dispatchEvent(Ljava/awt/AWTEvent;)V @ 11
Event: 5233.084 Thread 0x00007f85f8028800 Uncommon trap: reason=unstable_if action=reinterpret pc=0x00007f8639ee8d04 method=java.util.TaskQueue.fixDown(I)V @ 9
Event: 7315.657 Thread 0x00007f8648c94000 Uncommon trap: reason=null_check action=make_not_entrant pc=0x00007f8639fcda34 method=sun.swing.ImageCache.getEntry(Ljava/lang/Object;Ljava/awt/GraphicsConfiguration;II[Ljava/lang/Object;)Lsun/swing/ImageCache$Entry; @ 36
Event: 7317.890 Thread 0x00007f8648c94000 Uncommon trap: reason=class_check action=maybe_recompile pc=0x00007f863a37ef94 method=sun.awt.im.InputMethodContext.dispatchEvent(Ljava/awt/AWTEvent;)V @ 11
Event: 7590.741 Thread 0x00007f864862c800 Uncommon trap: reason=predicate action=maybe_recompile pc=0x00007f863946bed4 method=java.util.AbstractCollection.toArray([Ljava/lang/Object;)[Ljava/lang/Object; @ 49
Event: 7965.755 Thread 0x00007f864862c800 Uncommon trap: reason=array_check action=maybe_recompile pc=0x00007f86397d98c4 method=java.util.AbstractCollection.toArray([Ljava/lang/Object;)[Ljava/lang/Object; @ 119
Event: 7968.756 Thread 0x00007f864862c800 Uncommon trap: reason=array_check action=maybe_recompile pc=0x00007f86397d98c4 method=java.util.AbstractCollection.toArray([Ljava/lang/Object;)[Ljava/lang/Object; @ 119
Event: 7971.757 Thread 0x00007f864862c800 Uncommon trap: reason=array_check action=maybe_recompile pc=0x00007f86397d98c4 method=java.util.AbstractCollection.toArray([Ljava/lang/Object;)[Ljava/lang/Object; @ 119
Event: 7974.758 Thread 0x00007f864862c800 Uncommon trap: reason=array_check action=maybe_recompile pc=0x00007f86397d98c4 method=java.util.AbstractCollection.toArray([Ljava/lang/Object;)[Ljava/lang/Object; @ 119

Internal exceptions (10 events):
Event: 3727.645 Thread 0x0000000001fe0800 Exception <a 'sun/nio/fs/UnixException'> (0x00000000ed2bcc08) thrown at [/HUDSON/workspace/8-2-build-linux-amd64/jdk8u66/4988/hotspot/src/share/vm/prims/jni.cpp, line 709]
Event: 3727.645 Thread 0x0000000001fe0800 Exception <a 'sun/nio/fs/UnixException'> (0x00000000ed2ce788) thrown at [/HUDSON/workspace/8-2-build-linux-amd64/jdk8u66/4988/hotspot/src/share/vm/prims/jni.cpp, line 709]
Event: 3727.646 Thread 0x0000000001fe0800 Exception <a 'sun/nio/fs/UnixException'> (0x00000000ed2de1a0) thrown at [/HUDSON/workspace/8-2-build-linux-amd64/jdk8u66/4988/hotspot/src/share/vm/prims/jni.cpp, line 709]
Event: 3727.646 Thread 0x0000000001fe0800 Exception <a 'sun/nio/fs/UnixException'> (0x00000000ed2e8188) thrown at [/HUDSON/workspace/8-2-build-linux-amd64/jdk8u66/4988/hotspot/src/share/vm/prims/jni.cpp, line 709]
Event: 3727.646 Thread 0x0000000001fe0800 Exception <a 'sun/nio/fs/UnixException'> (0x00000000ed2f2220) thrown at [/HUDSON/workspace/8-2-build-linux-amd64/jdk8u66/4988/hotspot/src/share/vm/prims/jni.cpp, line 709]
Event: 3727.646 Thread 0x0000000001fe0800 Exception <a 'sun/nio/fs/UnixException'> (0x00000000ed2f7e88) thrown at [/HUDSON/workspace/8-2-build-linux-amd64/jdk8u66/4988/hotspot/src/share/vm/prims/jni.cpp, line 709]
Event: 3727.647 Thread 0x0000000001fe0800 Exception <a 'sun/nio/fs/UnixException'> (0x00000000ed305ea0) thrown at [/HUDSON/workspace/8-2-build-linux-amd64/jdk8u66/4988/hotspot/src/share/vm/prims/jni.cpp, line 709]
Event: 3730.703 Thread 0x00007f8648c94000 Exception <a 'java/lang/UnsupportedOperationException': > (0x00000000ed8b87a8) thrown at [/HUDSON/workspace/8-2-build-linux-amd64/jdk8u66/4988/hotspot/src/share/vm/prims/jni.cpp, line 735]
Event: 7315.657 Thread 0x00007f8648c94000 Implicit null exception at 0x00007f8639fcd11c to 0x00007f8639fcda0d
Event: 7317.872 Thread 0x00007f8648c94000 Exception <a 'java/lang/UnsupportedOperationException': > (0x00000000ecfec810) thrown at [/HUDSON/workspace/8-2-build-linux-amd64/jdk8u66/4988/hotspot/src/share/vm/prims/jni.cpp, line 735]

Events (10 events):
Event: 10911.884 Executing VM operation: RevokeBias
Event: 10911.884 Executing VM operation: RevokeBias done
Event: 10911.885 Thread 0x00007f85f4007800 Thread added: 0x00007f85f4007800
Event: 10911.888 Thread 0x00007f85f4007800 Thread exited: 0x00007f85f4007800
Event: 10911.889 Thread 0x00007f85f4007800 Thread added: 0x00007f85f4007800
Event: 10911.891 Thread 0x00007f85f4007800 Thread exited: 0x00007f85f4007800
Event: 10911.891 Executing VM operation: RevokeBias
Event: 10911.892 Executing VM operation: RevokeBias done
Event: 10911.893 Thread 0x00007f85f4007800 Thread added: 0x00007f85f4007800
Event: 10911.895 Thread 0x00007f85f4007800 Thread exited: 0x00007f85f4007800


Dynamic libraries:
00400000-00401000 r-xp 00000000 08:01 431946                             /opt/arduino-1.6.7/java/bin/java
00600000-00601000 rw-p 00000000 08:01 431946                             /opt/arduino-1.6.7/java/bin/java
01df0000-02849000 rw-p 00000000 00:00 0                                  [heap]
c3e00000-c9700000 rw-p 00000000 00:00 0 
c9700000-ebf80000 ---p 00000000 00:00 0 
ebf80000-ef700000 rw-p 00000000 00:00 0 
ef700000-100000000 ---p 00000000 00:00 0 
100000000-1003cc000 rw-p 00000000 00:00 0 
1003cc000-140000000 ---p 00000000 00:00 0 
7f85b4000000-7f85b4021000 rw-p 00000000 00:00 0 
7f85b4021000-7f85b8000000 ---p 00000000 00:00 0 
7f85bb000000-7f85bc000000 rw-s 00000000 00:04 69992455                   /SYSV00000000 (deleted)
7f85bc000000-7f85bc28d000 rw-p 00000000 00:00 0 
7f85bc28d000-7f85c0000000 ---p 00000000 00:00 0 
7f85c086d000-7f85c0a6d000 rw-p 00000000 00:00 0 
7f85c0a6d000-7f85c0c6d000 rw-p 00000000 00:00 0 
7f85c0c6d000-7f85c0c6e000 ---p 00000000 00:00 0 
7f85c0c6e000-7f85c146e000 rw-p 00000000 00:00 0                          [stack:30529]
7f85c146e000-7f85c146f000 ---p 00000000 00:00 0 
7f85c146f000-7f85c1c6f000 rw-p 00000000 00:00 0                          [stack:30528]
7f85c1c6f000-7f85c1c7a000 r-xp 00000000 08:01 269623                     /usr/lib/x86_64-linux-gnu/gio/modules/libdconfsettings.so
7f85c1c7a000-7f85c1e7a000 ---p 0000b000 08:01 269623                     /usr/lib/x86_64-linux-gnu/gio/modules/libdconfsettings.so
7f85c1e7a000-7f85c1e7b000 r--p 0000b000 08:01 269623                     /usr/lib/x86_64-linux-gnu/gio/modules/libdconfsettings.so
7f85c1e7b000-7f85c1e7c000 rw-p 0000c000 08:01 269623                     /usr/lib/x86_64-linux-gnu/gio/modules/libdconfsettings.so
7f85c1e7c000-7f85c1e7f000 r-xp 00000000 08:01 269998                     /usr/lib/x86_64-linux-gnu/gio/modules/libgiognomeproxy.so
7f85c1e7f000-7f85c207f000 ---p 00003000 08:01 269998                     /usr/lib/x86_64-linux-gnu/gio/modules/libgiognomeproxy.so
7f85c207f000-7f85c2080000 r--p 00003000 08:01 269998                     /usr/lib/x86_64-linux-gnu/gio/modules/libgiognomeproxy.so
7f85c2080000-7f85c2081000 rw-p 00004000 08:01 269998                     /usr/lib/x86_64-linux-gnu/gio/modules/libgiognomeproxy.so
7f85c2081000-7f85c2281000 rw-p 00000000 00:00 0 
7f85c2281000-7f85c2284000 ---p 00000000 00:00 0 
7f85c2284000-7f85c2382000 rw-p 00000000 00:00 0 
7f85c2382000-7f85c2385000 ---p 00000000 00:00 0 
7f85c2385000-7f85c2483000 rw-p 00000000 00:00 0 
7f85c2483000-7f85c24be000 r-xp 00000000 08:01 429802                     /opt/arduino-1.6.7/lib/libastylej.so
7f85c24be000-7f85c26be000 ---p 0003b000 08:01 429802                     /opt/arduino-1.6.7/lib/libastylej.so
7f85c26be000-7f85c26bf000 rw-p 0003b000 08:01 429802                     /opt/arduino-1.6.7/lib/libastylej.so
7f85c26bf000-7f85c26c0000 rw-p 00000000 00:00 0 
7f85c26c0000-7f85c26c3000 ---p 00000000 00:00 0 
7f85c26c3000-7f85c29c1000 rw-p 00000000 00:00 0                          [stack:30517]
7f85c29c1000-7f85c29c4000 ---p 00000000 00:00 0 
7f85c29c4000-7f85c2ac2000 rw-p 00000000 00:00 0                          [stack:30516]
7f85c2ac2000-7f85c2ac5000 r-xp 00000000 08:08 3540891                    /home/kei/.jssc/linux/libjSSC-2.8_x86_64.so
7f85c2ac5000-7f85c2cc4000 ---p 00003000 08:08 3540891                    /home/kei/.jssc/linux/libjSSC-2.8_x86_64.so
7f85c2cc4000-7f85c2cc5000 r--p 00002000 08:08 3540891                    /home/kei/.jssc/linux/libjSSC-2.8_x86_64.so
7f85c2cc5000-7f85c2cc6000 rw-p 00003000 08:08 3540891                    /home/kei/.jssc/linux/libjSSC-2.8_x86_64.so
7f85c2cc6000-7f85c2ec6000 rw-p 00000000 00:00 0 
7f85c2ec6000-7f85c30c6000 rw-p 00000000 00:00 0 
7f85c30c6000-7f85c32c6000 rw-p 00000000 00:00 0 
7f85c32c6000-7f85c32cb000 r-xp 00000000 08:01 391659                     /usr/lib/x86_64-linux-gnu/gdk-pixbuf-2.0/2.10.0/loaders/libpixbufloader-png.so
7f85c32cb000-7f85c34ca000 ---p 00005000 08:01 391659                     /usr/lib/x86_64-linux-gnu/gdk-pixbuf-2.0/2.10.0/loaders/libpixbufloader-png.so
7f85c34ca000-7f85c34cb000 r--p 00004000 08:01 391659                     /usr/lib/x86_64-linux-gnu/gdk-pixbuf-2.0/2.10.0/loaders/libpixbufloader-png.so
7f85c34cb000-7f85c34cc000 rw-p 00005000 08:01 391659                     /usr/lib/x86_64-linux-gnu/gdk-pixbuf-2.0/2.10.0/loaders/libpixbufloader-png.so
7f85c34cc000-7f85c34e9000 r-xp 00000000 08:01 310912                     /usr/lib/x86_64-linux-gnu/gconv/libJISX0213.so
7f85c34e9000-7f85c36e8000 ---p 0001d000 08:01 310912                     /usr/lib/x86_64-linux-gnu/gconv/libJISX0213.so
7f85c36e8000-7f85c36e9000 r--p 0001c000 08:01 310912                     /usr/lib/x86_64-linux-gnu/gconv/libJISX0213.so
7f85c36e9000-7f85c36ea000 rw-p 0001d000 08:01 310912                     /usr/lib/x86_64-linux-gnu/gconv/libJISX0213.so
7f85c36ea000-7f85c36ed000 r-xp 00000000 08:01 267033                     /usr/lib/x86_64-linux-gnu/gconv/EUC-JISX0213.so
7f85c36ed000-7f85c38ec000 ---p 00003000 08:01 267033                     /usr/lib/x86_64-linux-gnu/gconv/EUC-JISX0213.so
7f85c38ec000-7f85c38ed000 r--p 00002000 08:01 267033                     /usr/lib/x86_64-linux-gnu/gconv/EUC-JISX0213.so
7f85c38ed000-7f85c38ee000 rw-p 00003000 08:01 267033                     /usr/lib/x86_64-linux-gnu/gconv/EUC-JISX0213.so
7f85c38ee000-7f85c38f0000 r-xp 00000000 08:01 278615                     /usr/lib/x86_64-linux-gnu/uim/plugin/libuim-process.so
7f85c38f0000-7f85c3aef000 ---p 00002000 08:01 278615                     /usr/lib/x86_64-linux-gnu/uim/plugin/libuim-process.so
7f85c3aef000-7f85c3af0000 r--p 00001000 08:01 278615                     /usr/lib/x86_64-linux-gnu/uim/plugin/libuim-process.so
7f85c3af0000-7f85c3af1000 rw-p 00002000 08:01 278615                     /usr/lib/x86_64-linux-gnu/uim/plugin/libuim-process.so
7f85c3af1000-7f85c3af4000 r-xp 00000000 08:01 278612                     /usr/lib/x86_64-linux-gnu/uim/plugin/libuim-fileio.so
7f85c3af4000-7f85c3cf3000 ---p 00003000 08:01 278612                     /usr/lib/x86_64-linux-gnu/uim/plugin/libuim-fileio.so
7f85c3cf3000-7f85c3cf4000 r--p 00002000 08:01 278612                     /usr/lib/x86_64-linux-gnu/uim/plugin/libuim-fileio.so
7f85c3cf4000-7f85c3cf5000 rw-p 00003000 08:01 278612                     /usr/lib/x86_64-linux-gnu/uim/plugin/libuim-fileio.so
7f85c3cf5000-7f85c3de1000 r-xp 00000000 08:01 263631                     /usr/lib/x86_64-linux-gnu/libstdc++.so.6.0.20
7f85c3de1000-7f85c3fe1000 ---p 000ec000 08:01 263631                     /usr/lib/x86_64-linux-gnu/libstdc++.so.6.0.20
7f85c3fe1000-7f85c3fe9000 r--p 000ec000 08:01 263631                     /usr/lib/x86_64-linux-gnu/libstdc++.so.6.0.20
7f85c3fe9000-7f85c3feb000 rw-p 000f4000 08:01 263631                     /usr/lib/x86_64-linux-gnu/libstdc++.so.6.0.20
7f85c3feb000-7f85c4000000 rw-p 00000000 00:00 0 
7f85c4000000-7f85c4021000 rw-p 00000000 00:00 0 
7f85c4021000-7f85c8000000 ---p 00000000 00:00 0 
7f85c809d000-7f85c81d0000 r-xp 00000000 08:01 270301                     /usr/lib/x86_64-linux-gnu/libprotobuf.so.9.0.1
7f85c81d0000-7f85c83d0000 ---p 00133000 08:01 270301                     /usr/lib/x86_64-linux-gnu/libprotobuf.so.9.0.1
7f85c83d0000-7f85c83d4000 r--p 00133000 08:01 270301                     /usr/lib/x86_64-linux-gnu/libprotobuf.so.9.0.1
7f85c83d4000-7f85c83d7000 rw-p 00137000 08:01 270301                     /usr/lib/x86_64-linux-gnu/libprotobuf.so.9.0.1
7f85c83d7000-7f85c84af000 r-xp 00000000 08:01 304316                     /usr/lib/x86_64-linux-gnu/uim/plugin/libuim-mozc.so
7f85c84af000-7f85c86ae000 ---p 000d8000 08:01 304316                     /usr/lib/x86_64-linux-gnu/uim/plugin/libuim-mozc.so
7f85c86ae000-7f85c86b5000 r--p 000d7000 08:01 304316                     /usr/lib/x86_64-linux-gnu/uim/plugin/libuim-mozc.so
7f85c86b5000-7f85c86b7000 rw-p 000de000 08:01 304316                     /usr/lib/x86_64-linux-gnu/uim/plugin/libuim-mozc.so
7f85c86b7000-7f85c86b8000 rw-p 00000000 00:00 0 
7f85c86b8000-7f85c86ba000 r-xp 00000000 08:01 276488                     /usr/lib/x86_64-linux-gnu/libgcroots.so.0.1.0
7f85c86ba000-7f85c88b9000 ---p 00002000 08:01 276488                     /usr/lib/x86_64-linux-gnu/libgcroots.so.0.1.0
7f85c88b9000-7f85c88ba000 r--p 00001000 08:01 276488                     /usr/lib/x86_64-linux-gnu/libgcroots.so.0.1.0
7f85c88ba000-7f85c88bb000 rw-p 00002000 08:01 276488                     /usr/lib/x86_64-linux-gnu/libgcroots.so.0.1.0
7f85c88bb000-7f85c88e0000 r-xp 00000000 08:01 278598                     /usr/lib/x86_64-linux-gnu/libuim-scm.so.0.1.0
7f85c88e0000-7f85c8adf000 ---p 00025000 08:01 278598                     /usr/lib/x86_64-linux-gnu/libuim-scm.so.0.1.0
7f85c8adf000-7f85c8ae3000 r--p 00024000 08:01 278598                     /usr/lib/x86_64-linux-gnu/libuim-scm.so.0.1.0
7f85c8ae3000-7f85c8ae4000 rw-p 00028000 08:01 278598                     /usr/lib/x86_64-linux-gnu/libuim-scm.so.0.1.0
7f85c8ae4000-7f85c8af9000 r-xp 00000000 08:01 278601                     /usr/lib/x86_64-linux-gnu/libuim.so.8.0.0
7f85c8af9000-7f85c8cf8000 ---p 00015000 08:01 278601                     /usr/lib/x86_64-linux-gnu/libuim.so.8.0.0
7f85c8cf8000-7f85c8cfa000 r--p 00014000 08:01 278601                     /usr/lib/x86_64-linux-gnu/libuim.so.8.0.0
7f85c8cfa000-7f85c8cfc000 rw-p 00016000 08:01 278601                     /usr/lib/x86_64-linux-gnu/libuim.so.8.0.0
7f85c8d18000-7f85c8d31000 r-xp 00000000 08:01 304262                     /usr/lib/x86_64-linux-gnu/gtk-2.0/2.10.0/immodules/im-uim.so
7f85c8d31000-7f85c8f31000 ---p 00019000 08:01 304262                     /usr/lib/x86_64-linux-gnu/gtk-2.0/2.10.0/immodules/im-uim.so
7f85c8f31000-7f85c8f32000 r--p 00019000 08:01 304262                     /usr/lib/x86_64-linux-gnu/gtk-2.0/2.10.0/immodules/im-uim.so
7f85c8f32000-7f85c8f33000 rw-p 0001a000 08:01 304262                     /usr/lib/x86_64-linux-gnu/gtk-2.0/2.10.0/immodules/im-uim.so
7f85c8f33000-7f85c9320000 r--p 00000000 08:01 397524                     /usr/share/fonts/truetype/vlgothic/VL-Gothic-Regular.ttf
7f85c9320000-7f85c9335000 r--p 00000000 08:01 285298                     /usr/share/locale/ja/LC_MESSAGES/glib20.mo
7f85c9420000-7f85c9423000 ---p 00000000 00:00 0 
7f85c9423000-7f85c9521000 rw-p 00000000 00:00 0 
7f85c96d9000-7f85c98d9000 rw-p 00000000 00:00 0 
7f85c98d9000-7f85c98dc000 ---p 00000000 00:00 0 
7f85c98dc000-7f85c99da000 rw-p 00000000 00:00 0 
7f85c99da000-7f85c99dd000 ---p 00000000 00:00 0 
7f85c99dd000-7f85c9adb000 rw-p 00000000 00:00 0 
7f85c9adb000-7f85c9ade000 ---p 00000000 00:00 0 
7f85c9ade000-7f85c9ddc000 rw-p 00000000 00:00 0 
7f85c9ddc000-7f85c9ddf000 ---p 00000000 00:00 0 
7f85c9ddf000-7f85c9edd000 rw-p 00000000 00:00 0                          [stack:30521]
7f85c9edd000-7f85c9efb000 r--s 00000000 08:01 418148                     /usr/share/mime/mime.cache
7f85c9f52000-7f85c9f76000 r--p 00000000 08:01 278619                     /usr/share/locale/ja/LC_MESSAGES/uim.mo
7f85c9fa1000-7f85c9fa4000 r-xp 00000000 08:01 272944                     /usr/lib/x86_64-linux-gnu/gtk-2.0/2.10.0/engines/libadwaita.so
7f85c9fa4000-7f85ca1a3000 ---p 00003000 08:01 272944                     /usr/lib/x86_64-linux-gnu/gtk-2.0/2.10.0/engines/libadwaita.so
7f85ca1a3000-7f85ca1a4000 r--p 00002000 08:01 272944                     /usr/lib/x86_64-linux-gnu/gtk-2.0/2.10.0/engines/libadwaita.so
7f85ca1a4000-7f85ca1a5000 rw-p 00003000 08:01 272944                     /usr/lib/x86_64-linux-gnu/gtk-2.0/2.10.0/engines/libadwaita.so
7f85ca1a5000-7f85ca1af000 r-xp 00000000 08:01 297324                     /usr/lib/x86_64-linux-gnu/gtk-2.0/2.10.0/engines/libpixmap.so
7f85ca1af000-7f85ca3ae000 ---p 0000a000 08:01 297324                     /usr/lib/x86_64-linux-gnu/gtk-2.0/2.10.0/engines/libpixmap.so
7f85ca3ae000-7f85ca3b0000 r--p 00009000 08:01 297324                     /usr/lib/x86_64-linux-gnu/gtk-2.0/2.10.0/engines/libpixmap.so
7f85ca3b0000-7f85ca3b1000 rw-p 0000b000 08:01 297324                     /usr/lib/x86_64-linux-gnu/gtk-2.0/2.10.0/engines/libpixmap.so
7f85ca3b1000-7f85ca3b7000 r-xp 00000000 08:01 269336                     /usr/lib/x86_64-linux-gnu/libdatrie.so.1.3.1
7f85ca3b7000-7f85ca5b7000 ---p 00006000 08:01 269336                     /usr/lib/x86_64-linux-gnu/libdatrie.so.1.3.1
7f85ca5b7000-7f85ca5b8000 r--p 00006000 08:01 269336                     /usr/lib/x86_64-linux-gnu/libdatrie.so.1.3.1
7f85ca5b8000-7f85ca5b9000 rw-p 00007000 08:01 269336                     /usr/lib/x86_64-linux-gnu/libdatrie.so.1.3.1
7f85ca5b9000-7f85ca5dd000 r-xp 00000000 08:01 262377                     /usr/lib/x86_64-linux-gnu/libgraphite2.so.3.0.1
7f85ca5dd000-7f85ca7dc000 ---p 00024000 08:01 262377                     /usr/lib/x86_64-linux-gnu/libgraphite2.so.3.0.1
7f85ca7dc000-7f85ca7de000 r--p 00023000 08:01 262377                     /usr/lib/x86_64-linux-gnu/libgraphite2.so.3.0.1
7f85ca7de000-7f85ca7df000 rw-p 00025000 08:01 262377                     /usr/lib/x86_64-linux-gnu/libgraphite2.so.3.0.1
7f85ca7df000-7f85ca805000 r-xp 00000000 08:01 482                        /lib/x86_64-linux-gnu/libexpat.so.1.6.0
7f85ca805000-7f85caa04000 ---p 00026000 08:01 482                        /lib/x86_64-linux-gnu/libexpat.so.1.6.0
7f85caa04000-7f85caa07000 r--p 00025000 08:01 482                        /lib/x86_64-linux-gnu/libexpat.so.1.6.0
7f85caa07000-7f85caa08000 rw-p 00028000 08:01 482                        /lib/x86_64-linux-gnu/libexpat.so.1.6.0
7f85caa08000-7f85caa74000 r-xp 00000000 08:01 68                         /lib/x86_64-linux-gnu/libpcre.so.3.13.1
7f85caa74000-7f85cac74000 ---p 0006c000 08:01 68                         /lib/x86_64-linux-gnu/libpcre.so.3.13.1
7f85cac74000-7f85cac75000 r--p 0006c000 08:01 68                         /lib/x86_64-linux-gnu/libpcre.so.3.13.1
7f85cac75000-7f85cac76000 rw-p 0006d000 08:01 68                         /lib/x86_64-linux-gnu/libpcre.so.3.13.1
7f85cac76000-7f85cac7d000 r-xp 00000000 08:01 263197                     /usr/lib/x86_64-linux-gnu/libffi.so.6.0.2
7f85cac7d000-7f85cae7c000 ---p 00007000 08:01 263197                     /usr/lib/x86_64-linux-gnu/libffi.so.6.0.2
7f85cae7c000-7f85cae7d000 r--p 00006000 08:01 263197                     /usr/lib/x86_64-linux-gnu/libffi.so.6.0.2
7f85cae7d000-7f85cae7e000 rw-p 00007000 08:01 263197                     /usr/lib/x86_64-linux-gnu/libffi.so.6.0.2
7f85cae7e000-7f85cae86000 r-xp 00000000 08:01 269340                     /usr/lib/x86_64-linux-gnu/libthai.so.0.2.0
7f85cae86000-7f85cb085000 ---p 00008000 08:01 269340                     /usr/lib/x86_64-linux-gnu/libthai.so.0.2.0
7f85cb085000-7f85cb086000 r--p 00007000 08:01 269340                     /usr/lib/x86_64-linux-gnu/libthai.so.0.2.0
7f85cb086000-7f85cb087000 rw-p 00008000 08:01 269340                     /usr/lib/x86_64-linux-gnu/libthai.so.0.2.0
7f85cb087000-7f85cb0dc000 r-xp 00000000 08:01 269356                     /usr/lib/x86_64-linux-gnu/libharfbuzz.so.0.935.0
7f85cb0dc000-7f85cb2db000 ---p 00055000 08:01 269356                     /usr/lib/x86_64-linux-gnu/libharfbuzz.so.0.935.0
7f85cb2db000-7f85cb2dd000 r--p 00054000 08:01 269356                     /usr/lib/x86_64-linux-gnu/libharfbuzz.so.0.935.0
7f85cb2dd000-7f85cb2de000 rw-p 00056000 08:01 269356                     /usr/lib/x86_64-linux-gnu/libharfbuzz.so.0.935.0
7f85cb2de000-7f85cb2ff000 r-xp 00000000 08:01 110                        /lib/x86_64-linux-gnu/libselinux.so.1
7f85cb2ff000-7f85cb4ff000 ---p 00021000 08:01 110                        /lib/x86_64-linux-gnu/libselinux.so.1
7f85cb4ff000-7f85cb500000 r--p 00021000 08:01 110                        /lib/x86_64-linux-gnu/libselinux.so.1
7f85cb500000-7f85cb501000 rw-p 00022000 08:01 110                        /lib/x86_64-linux-gnu/libselinux.so.1
7f85cb501000-7f85cb503000 rw-p 00000000 00:00 0 
7f85cb503000-7f85cb51d000 r-xp 00000000 08:01 111                        /lib/x86_64-linux-gnu/libz.so.1.2.8
7f85cb51d000-7f85cb71c000 ---p 0001a000 08:01 111                        /lib/x86_64-linux-gnu/libz.so.1.2.8
7f85cb71c000-7f85cb71d000 r--p 00019000 08:01 111                        /lib/x86_64-linux-gnu/libz.so.1.2.8
7f85cb71d000-7f85cb71e000 rw-p 0001a000 08:01 111                        /lib/x86_64-linux-gnu/libz.so.1.2.8
7f85cb71e000-7f85cb727000 r-xp 00000000 08:01 269284                     /usr/lib/x86_64-linux-gnu/libxcb-render.so.0.0.0
7f85cb727000-7f85cb926000 ---p 00009000 08:01 269284                     /usr/lib/x86_64-linux-gnu/libxcb-render.so.0.0.0
7f85cb926000-7f85cb927000 r--p 00008000 08:01 269284                     /usr/lib/x86_64-linux-gnu/libxcb-render.so.0.0.0
7f85cb927000-7f85cb928000 rw-p 00009000 08:01 269284                     /usr/lib/x86_64-linux-gnu/libxcb-render.so.0.0.0
7f85cb928000-7f85cb92a000 r-xp 00000000 08:01 269288                     /usr/lib/x86_64-linux-gnu/libxcb-shm.so.0.0.0
7f85cb92a000-7f85cbb2a000 ---p 00002000 08:01 269288                     /usr/lib/x86_64-linux-gnu/libxcb-shm.so.0.0.0
7f85cbb2a000-7f85cbb2b000 r--p 00002000 08:01 269288                     /usr/lib/x86_64-linux-gnu/libxcb-shm.so.0.0.0
7f85cbb2b000-7f85cbb2c000 rw-p 00003000 08:01 269288                     /usr/lib/x86_64-linux-gnu/libxcb-shm.so.0.0.0
7f85cbb2c000-7f85cbb52000 r-xp 00000000 08:01 538                        /lib/x86_64-linux-gnu/libpng12.so.0.50.0
7f85cbb52000-7f85cbd51000 ---p 00026000 08:01 538                        /lib/x86_64-linux-gnu/libpng12.so.0.50.0
7f85cbd51000-7f85cbd52000 r--p 00025000 08:01 538                        /lib/x86_64-linux-gnu/libpng12.so.0.50.0
7f85cbd52000-7f85cbd53000 rw-p 00026000 08:01 538                        /lib/x86_64-linux-gnu/libpng12.so.0.50.0
7f85cbd53000-7f85cbdf8000 r-xp 00000000 08:01 269280                     /usr/lib/x86_64-linux-gnu/libpixman-1.so.0.32.6
7f85cbdf8000-7f85cbff7000 ---p 000a5000 08:01 269280                     /usr/lib/x86_64-linux-gnu/libpixman-1.so.0.32.6
7f85cbff7000-7f85cbfff000 r--p 000a4000 08:01 269280                     /usr/lib/x86_64-linux-gnu/libpixman-1.so.0.32.6
7f85cbfff000-7f85cc000000 rw-p 000ac000 08:01 269280                     /usr/lib/x86_64-linux-gnu/libpixman-1.so.0.32.6
7f85cc000000-7f85cc026000 rw-p 00000000 00:00 0 
7f85cc026000-7f85d0000000 ---p 00000000 00:00 0 
7f85d0000000-7f85d0023000 rw-p 00000000 00:00 0 
7f85d0023000-7f85d4000000 ---p 00000000 00:00 0 
7f85d4000000-7f85d4021000 rw-p 00000000 00:00 0 
7f85d4021000-7f85d8000000 ---p 00000000 00:00 0 
7f85d8000000-7f85d8050000 rw-p 00000000 00:00 0 
7f85d8050000-7f85dc000000 ---p 00000000 00:00 0 
7f85dc000000-7f85dc027000 rw-p 00000000 00:00 0 
7f85dc027000-7f85e0000000 ---p 00000000 00:00 0 
7f85e0000000-7f85e0021000 rw-p 00000000 00:00 0 
7f85e0021000-7f85e4000000 ---p 00000000 00:00 0 
7f85e4000000-7f85e4021000 rw-p 00000000 00:00 0 
7f85e4021000-7f85e8000000 ---p 00000000 00:00 0 
7f85e8071000-7f85e807f000 r--s 00000000 08:05 2330                       /var/cache/fontconfig/6aa41aa22e18b8fa06a12da28ea9c28b-le64.cache-4
7f85e807f000-7f85e808a000 r--s 00000000 08:05 4370                       /var/cache/fontconfig/945677eb7aeaf62f1d50efc3fb3ec7d8-le64.cache-4
7f85e808a000-7f85e808d000 r--s 00000000 08:05 9747                       /var/cache/fontconfig/f24b2111ab8703b4e963115a8cf14259-le64.cache-4
7f85e808d000-7f85e8092000 r--s 00000000 08:05 9710                       /var/cache/fontconfig/0fafd173547752dce4dee1a69e0b3c95-le64.cache-4
7f85e8092000-7f85e8096000 r--s 00000000 08:05 11127                      /var/cache/fontconfig/c57959a16110560c8d0fcea73374aeeb-le64.cache-4
7f85e8096000-7f85e809d000 r--s 00000000 08:05 9618                       /var/cache/fontconfig/3047814df9a2f067bd2d96a2b9c36e5a-le64.cache-4
7f85e809d000-7f85e80a7000 r--s 00000000 08:05 9497                       /var/cache/fontconfig/3f7329c5293ffd510edef78f73874cfd-le64.cache-4
7f85e80a7000-7f85e80b2000 r--s 00000000 08:05 2927                       /var/cache/fontconfig/d589a48862398ed80a3d6066f4f56f4c-le64.cache-4
7f85e80b2000-7f85e80b6000 r--s 00000000 08:05 9455                       /var/cache/fontconfig/6c08beecf0dac481ec92e759e0c2e6d7-le64.cache-4
7f85e80b6000-7f85e80ba000 r--s 00000000 08:05 9384                       /var/cache/fontconfig/4d6aee6d44eccb37054d3216e945f618-le64.cache-4
7f85e80ba000-7f85e80be000 r--s 00000000 08:05 2492                       /var/cache/fontconfig/d6c6df98c3df5faf9bd0f8ef4d91efe5-le64.cache-4
7f85e80be000-7f85e80d4000 r--s 00000000 08:05 2329                       /var/cache/fontconfig/e13b20fdb08344e0e664864cc2ede53d-le64.cache-4
7f85e80d4000-7f85e80e1000 r--s 00000000 08:05 8393                       /var/cache/fontconfig/8f02d4cb045bd6ce15663e43f347c9f8-le64.cache-4
7f85e80e1000-7f85e80ff000 r--s 00000000 08:05 8249                       /var/cache/fontconfig/467c019e582ee353435ea5c21d137ef6-le64.cache-4
7f85e812e000-7f85e812f000 r-xp 00000000 08:01 269014                     /usr/lib/x86_64-linux-gnu/libgthread-2.0.so.0.4200.1
7f85e812f000-7f85e832e000 ---p 00001000 08:01 269014                     /usr/lib/x86_64-linux-gnu/libgthread-2.0.so.0.4200.1
7f85e832e000-7f85e832f000 r--p 00000000 08:01 269014                     /usr/lib/x86_64-linux-gnu/libgthread-2.0.so.0.4200.1
7f85e832f000-7f85e8330000 rw-p 00001000 08:01 269014                     /usr/lib/x86_64-linux-gnu/libgthread-2.0.so.0.4200.1
7f85e8330000-7f85e8339000 r-xp 00000000 08:01 268427                     /usr/lib/x86_64-linux-gnu/libXrandr.so.2.2.0
7f85e8339000-7f85e8538000 ---p 00009000 08:01 268427                     /usr/lib/x86_64-linux-gnu/libXrandr.so.2.2.0
7f85e8538000-7f85e8539000 r--p 00008000 08:01 268427                     /usr/lib/x86_64-linux-gnu/libXrandr.so.2.2.0
7f85e8539000-7f85e853a000 rw-p 00009000 08:01 268427                     /usr/lib/x86_64-linux-gnu/libXrandr.so.2.2.0
7f85e853a000-7f85e853c000 r-xp 00000000 08:01 268419                     /usr/lib/x86_64-linux-gnu/libXinerama.so.1.0.0
7f85e853c000-7f85e873b000 ---p 00002000 08:01 268419                     /usr/lib/x86_64-linux-gnu/libXinerama.so.1.0.0
7f85e873b000-7f85e873c000 r--p 00001000 08:01 268419                     /usr/lib/x86_64-linux-gnu/libXinerama.so.1.0.0
7f85e873c000-7f85e873d000 rw-p 00002000 08:01 268419                     /usr/lib/x86_64-linux-gnu/libXinerama.so.1.0.0
7f85e873d000-7f85e87e1000 r-xp 00000000 08:01 269268                     /usr/lib/x86_64-linux-gnu/libfreetype.so.6.11.1
7f85e87e1000-7f85e89e0000 ---p 000a4000 08:01 269268                     /usr/lib/x86_64-linux-gnu/libfreetype.so.6.11.1
7f85e89e0000-7f85e89e6000 r--p 000a3000 08:01 269268                     /usr/lib/x86_64-linux-gnu/libfreetype.so.6.11.1
7f85e89e6000-7f85e89e7000 rw-p 000a9000 08:01 269268                     /usr/lib/x86_64-linux-gnu/libfreetype.so.6.11.1
7f85e89e7000-7f85e8a22000 r-xp 00000000 08:01 269274                     /usr/lib/x86_64-linux-gnu/libfontconfig.so.1.8.0
7f85e8a22000-7f85e8c21000 ---p 0003b000 08:01 269274                     /usr/lib/x86_64-linux-gnu/libfontconfig.so.1.8.0
7f85e8c21000-7f85e8c23000 r--p 0003a000 08:01 269274                     /usr/lib/x86_64-linux-gnu/libfontconfig.so.1.8.0
7f85e8c23000-7f85e8c24000 rw-p 0003c000 08:01 269274                     /usr/lib/x86_64-linux-gnu/libfontconfig.so.1.8.0
7f85e8c24000-7f85e8d30000 r-xp 00000000 08:01 534                        /lib/x86_64-linux-gnu/libglib-2.0.so.0.4200.1
7f85e8d30000-7f85e8f30000 ---p 0010c000 08:01 534                        /lib/x86_64-linux-gnu/libglib-2.0.so.0.4200.1
7f85e8f30000-7f85e8f31000 r--p 0010c000 08:01 534                        /lib/x86_64-linux-gnu/libglib-2.0.so.0.4200.1
7f85e8f31000-7f85e8f32000 rw-p 0010d000 08:01 534                        /lib/x86_64-linux-gnu/libglib-2.0.so.0.4200.1
7f85e8f32000-7f85e8f33000 rw-p 00000000 00:00 0 
7f85e8f33000-7f85e8f84000 r-xp 00000000 08:01 269012                     /usr/lib/x86_64-linux-gnu/libgobject-2.0.so.0.4200.1
7f85e8f84000-7f85e9183000 ---p 00051000 08:01 269012                     /usr/lib/x86_64-linux-gnu/libgobject-2.0.so.0.4200.1
7f85e9183000-7f85e9184000 r--p 00050000 08:01 269012                     /usr/lib/x86_64-linux-gnu/libgobject-2.0.so.0.4200.1
7f85e9184000-7f85e9185000 rw-p 00051000 08:01 269012                     /usr/lib/x86_64-linux-gnu/libgobject-2.0.so.0.4200.1
7f85e9185000-7f85e91d0000 r-xp 00000000 08:01 269344                     /usr/lib/x86_64-linux-gnu/libpango-1.0.so.0.3600.8
7f85e91d0000-7f85e93d0000 ---p 0004b000 08:01 269344                     /usr/lib/x86_64-linux-gnu/libpango-1.0.so.0.3600.8
7f85e93d0000-7f85e93d2000 r--p 0004b000 08:01 269344                     /usr/lib/x86_64-linux-gnu/libpango-1.0.so.0.3600.8
7f85e93d2000-7f85e93d3000 rw-p 0004d000 08:01 269344                     /usr/lib/x86_64-linux-gnu/libpango-1.0.so.0.3600.8
7f85e93d3000-7f85e93e7000 r-xp 00000000 08:01 269360                     /usr/lib/x86_64-linux-gnu/libpangoft2-1.0.so.0.3600.8
7f85e93e7000-7f85e95e7000 ---p 00014000 08:01 269360                     /usr/lib/x86_64-linux-gnu/libpangoft2-1.0.so.0.3600.8
7f85e95e7000-7f85e95e8000 r--p 00014000 08:01 269360                     /usr/lib/x86_64-linux-gnu/libpangoft2-1.0.so.0.3600.8
7f85e95e8000-7f85e95e9000 rw-p 00015000 08:01 269360                     /usr/lib/x86_64-linux-gnu/libpangoft2-1.0.so.0.3600.8
7f85e95e9000-7f85e975a000 r-xp 00000000 08:01 269028                     /usr/lib/x86_64-linux-gnu/libgio-2.0.so.0.4200.1
7f85e975a000-7f85e995a000 ---p 00171000 08:01 269028                     /usr/lib/x86_64-linux-gnu/libgio-2.0.so.0.4200.1
7f85e995a000-7f85e995e000 r--p 00171000 08:01 269028                     /usr/lib/x86_64-linux-gnu/libgio-2.0.so.0.4200.1
7f85e995e000-7f85e9960000 rw-p 00175000 08:01 269028                     /usr/lib/x86_64-linux-gnu/libgio-2.0.so.0.4200.1
7f85e9960000-7f85e9962000 rw-p 00000000 00:00 0 
7f85e9962000-7f85e9983000 r-xp 00000000 08:01 269260                     /usr/lib/x86_64-linux-gnu/libgdk_pixbuf-2.0.so.0.3100.1
7f85e9983000-7f85e9b82000 ---p 00021000 08:01 269260                     /usr/lib/x86_64-linux-gnu/libgdk_pixbuf-2.0.so.0.3100.1
7f85e9b82000-7f85e9b83000 r--p 00020000 08:01 269260                     /usr/lib/x86_64-linux-gnu/libgdk_pixbuf-2.0.so.0.3100.1
7f85e9b83000-7f85e9b84000 rw-p 00021000 08:01 269260                     /usr/lib/x86_64-linux-gnu/libgdk_pixbuf-2.0.so.0.3100.1
7f85e9b84000-7f85e9c94000 r-xp 00000000 08:01 269292                     /usr/lib/x86_64-linux-gnu/libcairo.so.2.11400.0
7f85e9c94000-7f85e9e93000 ---p 00110000 08:01 269292                     /usr/lib/x86_64-linux-gnu/libcairo.so.2.11400.0
7f85e9e93000-7f85e9e96000 r--p 0010f000 08:01 269292                     /usr/lib/x86_64-linux-gnu/libcairo.so.2.11400.0
7f85e9e96000-7f85e9e97000 rw-p 00112000 08:01 269292                     /usr/lib/x86_64-linux-gnu/libcairo.so.2.11400.0
7f85e9e97000-7f85e9e99000 rw-p 00000000 00:00 0 
7f85e9e99000-7f85e9ebc000 r-xp 00000000 08:01 269526                     /usr/lib/x86_64-linux-gnu/libatk-1.0.so.0.21409.1
7f85e9ebc000-7f85ea0bb000 ---p 00023000 08:01 269526                     /usr/lib/x86_64-linux-gnu/libatk-1.0.so.0.21409.1
7f85ea0bb000-7f85ea0bf000 r--p 00022000 08:01 269526                     /usr/lib/x86_64-linux-gnu/libatk-1.0.so.0.21409.1
7f85ea0bf000-7f85ea0c0000 rw-p 00026000 08:01 269526                     /usr/lib/x86_64-linux-gnu/libatk-1.0.so.0.21409.1
7f85ea0c0000-7f85ea0c2000 r-xp 00000000 08:01 269595                     /usr/lib/x86_64-linux-gnu/libXdamage.so.1.1.0
7f85ea0c2000-7f85ea2c1000 ---p 00002000 08:01 269595                     /usr/lib/x86_64-linux-gnu/libXdamage.so.1.1.0
7f85ea2c1000-7f85ea2c2000 r--p 00001000 08:01 269595                     /usr/lib/x86_64-linux-gnu/libXdamage.so.1.1.0
7f85ea2c2000-7f85ea2c3000 rw-p 00002000 08:01 269595                     /usr/lib/x86_64-linux-gnu/libXdamage.so.1.1.0
7f85ea2c3000-7f85ea2c5000 r-xp 00000000 08:01 269591                     /usr/lib/x86_64-linux-gnu/libXcomposite.so.1.0.0
7f85ea2c5000-7f85ea4c4000 ---p 00002000 08:01 269591                     /usr/lib/x86_64-linux-gnu/libXcomposite.so.1.0.0
7f85ea4c4000-7f85ea4c5000 r--p 00001000 08:01 269591                     /usr/lib/x86_64-linux-gnu/libXcomposite.so.1.0.0
7f85ea4c5000-7f85ea4c6000 rw-p 00002000 08:01 269591                     /usr/lib/x86_64-linux-gnu/libXcomposite.so.1.0.0
7f85ea4c6000-7f85ea4d2000 r-xp 00000000 08:01 269364                     /usr/lib/x86_64-linux-gnu/libpangocairo-1.0.so.0.3600.8
7f85ea4d2000-7f85ea6d1000 ---p 0000c000 08:01 269364                     /usr/lib/x86_64-linux-gnu/libpangocairo-1.0.so.0.3600.8
7f85ea6d1000-7f85ea6d2000 r--p 0000b000 08:01 269364                     /usr/lib/x86_64-linux-gnu/libpangocairo-1.0.so.0.3600.8
7f85ea6d2000-7f85ea6d3000 rw-p 0000c000 08:01 269364                     /usr/lib/x86_64-linux-gnu/libpangocairo-1.0.so.0.3600.8
7f85ea6d3000-7f85ea6d6000 r-xp 00000000 08:01 269010                     /usr/lib/x86_64-linux-gnu/libgmodule-2.0.so.0.4200.1
7f85ea6d6000-7f85ea8d5000 ---p 00003000 08:01 269010                     /usr/lib/x86_64-linux-gnu/libgmodule-2.0.so.0.4200.1
7f85ea8d5000-7f85ea8d6000 r--p 00002000 08:01 269010                     /usr/lib/x86_64-linux-gnu/libgmodule-2.0.so.0.4200.1
7f85ea8d6000-7f85ea8d7000 rw-p 00003000 08:01 269010                     /usr/lib/x86_64-linux-gnu/libgmodule-2.0.so.0.4200.1
7f85ea8d7000-7f85ea987000 r-xp 00000000 08:01 272915                     /usr/lib/x86_64-linux-gnu/libgdk-x11-2.0.so.0.2400.25
7f85ea987000-7f85eab87000 ---p 000b0000 08:01 272915                     /usr/lib/x86_64-linux-gnu/libgdk-x11-2.0.so.0.2400.25
7f85eab87000-7f85eab8b000 r--p 000b0000 08:01 272915                     /usr/lib/x86_64-linux-gnu/libgdk-x11-2.0.so.0.2400.25
7f85eab8b000-7f85eab8d000 rw-p 000b4000 08:01 272915                     /usr/lib/x86_64-linux-gnu/libgdk-x11-2.0.so.0.2400.25
7f85eab8d000-7f85eafcd000 r-xp 00000000 08:01 272914                     /usr/lib/x86_64-linux-gnu/libgtk-x11-2.0.so.0.2400.25
7f85eafcd000-7f85eb1cd000 ---p 00440000 08:01 272914                     /usr/lib/x86_64-linux-gnu/libgtk-x11-2.0.so.0.2400.25
7f85eb1cd000-7f85eb1d4000 r--p 00440000 08:01 272914                     /usr/lib/x86_64-linux-gnu/libgtk-x11-2.0.so.0.2400.25
7f85eb1d4000-7f85eb1d8000 rw-p 00447000 08:01 272914                     /usr/lib/x86_64-linux-gnu/libgtk-x11-2.0.so.0.2400.25
7f85eb1d8000-7f85eb3db000 rw-p 00000000 00:00 0 
7f85eb3db000-7f85eb3de000 ---p 00000000 00:00 0 
7f85eb3de000-7f85eb4dc000 rw-p 00000000 00:00 0                          [stack:30505]
7f85eb4dc000-7f85eb4df000 ---p 00000000 00:00 0 
7f85eb4df000-7f85eb5dd000 rw-p 00000000 00:00 0                          [stack:30504]
7f85eb5dd000-7f85eb5e0000 ---p 00000000 00:00 0 
7f85eb5e0000-7f85eb6de000 rw-p 00000000 00:00 0                          [stack:30503]
7f85eb6de000-7f85eb6e1000 ---p 00000000 00:00 0 
7f85eb6e1000-7f85eb7df000 rw-p 00000000 00:00 0                          [stack:30502]
7f85eb7df000-7f85eb7e2000 ---p 00000000 00:00 0 
7f85eb7e2000-7f85eb8e0000 rw-p 00000000 00:00 0                          [stack:30501]
7f85eb8e0000-7f85eb8e3000 ---p 00000000 00:00 0 
7f85eb8e3000-7f85eb9e1000 rw-p 00000000 00:00 0                          [stack:30500]
7f85eb9e1000-7f85eb9e4000 ---p 00000000 00:00 0 
7f85eb9e4000-7f85ebae2000 rw-p 00000000 00:00 0                          [stack:30499]
7f85ebae2000-7f85ebae5000 ---p 00000000 00:00 0 
7f85ebae5000-7f85ebbe3000 rw-p 00000000 00:00 0 
7f85ebbe3000-7f85ebbf7000 r-xp 00000000 08:01 163                        /lib/x86_64-linux-gnu/libresolv-2.19.so
7f85ebbf7000-7f85ebdf6000 ---p 00014000 08:01 163                        /lib/x86_64-linux-gnu/libresolv-2.19.so
7f85ebdf6000-7f85ebdf7000 r--p 00013000 08:01 163                        /lib/x86_64-linux-gnu/libresolv-2.19.so
7f85ebdf7000-7f85ebdf8000 rw-p 00014000 08:01 163                        /lib/x86_64-linux-gnu/libresolv-2.19.so
7f85ebdf8000-7f85ebdfa000 rw-p 00000000 00:00 0 
7f85ebdfa000-7f85ebdff000 r-xp 00000000 08:01 156                        /lib/x86_64-linux-gnu/libnss_dns-2.19.so
7f85ebdff000-7f85ebffe000 ---p 00005000 08:01 156                        /lib/x86_64-linux-gnu/libnss_dns-2.19.so
7f85ebffe000-7f85ebfff000 r--p 00004000 08:01 156                        /lib/x86_64-linux-gnu/libnss_dns-2.19.so
7f85ebfff000-7f85ec000000 rw-p 00005000 08:01 156                        /lib/x86_64-linux-gnu/libnss_dns-2.19.so
7f85ec000000-7f85ec021000 rw-p 00000000 00:00 0 
7f85ec021000-7f85f0000000 ---p 00000000 00:00 0 
7f85f0000000-7f85f002f000 rw-p 00000000 00:00 0 
7f85f002f000-7f85f4000000 ---p 00000000 00:00 0 
7f85f4000000-7f85f4024000 rw-p 00000000 00:00 0 
7f85f4024000-7f85f8000000 ---p 00000000 00:00 0 
7f85f8000000-7f85f8034000 rw-p 00000000 00:00 0 
7f85f8034000-7f85fc000000 ---p 00000000 00:00 0 
7f85fc000000-7f85fc021000 rw-p 00000000 00:00 0 
7f85fc021000-7f8600000000 ---p 00000000 00:00 0 
7f8600000000-7f860002d000 rw-p 00000000 00:00 0 
7f860002d000-7f8604000000 ---p 00000000 00:00 0 
7f8604000000-7f8604021000 rw-p 00000000 00:00 0 
7f8604021000-7f8608000000 ---p 00000000 00:00 0 
7f8608000000-7f8608021000 rw-p 00000000 00:00 0 
7f8608021000-7f860c000000 ---p 00000000 00:00 0 
7f860c000000-7f860e134000 rw-p 00000000 00:00 0 
7f860e134000-7f8610000000 ---p 00000000 00:00 0 
7f8610000000-7f861152a000 rw-p 00000000 00:00 0 
7f861152a000-7f8614000000 ---p 00000000 00:00 0 
7f8614000000-7f8614021000 rw-p 00000000 00:00 0 
7f8614021000-7f8618000000 ---p 00000000 00:00 0 
7f8618000000-7f8619755000 rw-p 00000000 00:00 0 
7f8619755000-7f861c000000 ---p 00000000 00:00 0 
7f861c000000-7f861c021000 rw-p 00000000 00:00 0 
7f861c021000-7f8620000000 ---p 00000000 00:00 0 
7f8620000000-7f8620021000 rw-p 00000000 00:00 0 
7f8620021000-7f8624000000 ---p 00000000 00:00 0 
7f8624000000-7f86240cb000 rw-p 00000000 00:00 0 
7f86240cb000-7f8628000000 ---p 00000000 00:00 0 
7f862806a000-7f862806c000 r-xp 00000000 08:01 13156                      /lib/x86_64-linux-gnu/libnss_mdns4_minimal.so.2
7f862806c000-7f862826b000 ---p 00002000 08:01 13156                      /lib/x86_64-linux-gnu/libnss_mdns4_minimal.so.2
7f862826b000-7f862826c000 r--p 00001000 08:01 13156                      /lib/x86_64-linux-gnu/libnss_mdns4_minimal.so.2
7f862826c000-7f862826d000 rw-p 00002000 08:01 13156                      /lib/x86_64-linux-gnu/libnss_mdns4_minimal.so.2
7f862826d000-7f8628270000 r-xp 00000000 08:01 14153                      /lib/x86_64-linux-gnu/libnss_myhostname.so.2
7f8628270000-7f862846f000 ---p 00003000 08:01 14153                      /lib/x86_64-linux-gnu/libnss_myhostname.so.2
7f862846f000-7f8628470000 rw-p 00002000 08:01 14153                      /lib/x86_64-linux-gnu/libnss_myhostname.so.2
7f8628470000-7f8628473000 ---p 00000000 00:00 0 
7f8628473000-7f8628571000 rw-p 00000000 00:00 0                          [stack:30495]
7f8628571000-7f8628574000 ---p 00000000 00:00 0 
7f8628574000-7f8628672000 rw-p 00000000 00:00 0                          [stack:30494]
7f8628672000-7f8628675000 ---p 00000000 00:00 0 
7f8628675000-7f8628773000 rw-p 00000000 00:00 0                          [stack:30493]
7f8628773000-7f86287dc000 r-xp 00000000 08:01 431769                     /opt/arduino-1.6.7/java/lib/amd64/libt2k.so
7f86287dc000-7f86289dc000 ---p 00069000 08:01 431769                     /opt/arduino-1.6.7/java/lib/amd64/libt2k.so
7f86289dc000-7f86289e3000 rw-p 00069000 08:01 431769                     /opt/arduino-1.6.7/java/lib/amd64/libt2k.so
7f86289e3000-7f86289f3000 rw-p 00000000 00:00 0 
7f86289f3000-7f8628a04000 r-xp 00000000 08:01 431753                     /opt/arduino-1.6.7/java/lib/amd64/libnio.so
7f8628a04000-7f8628c03000 ---p 00011000 08:01 431753                     /opt/arduino-1.6.7/java/lib/amd64/libnio.so
7f8628c03000-7f8628c04000 rw-p 00010000 08:01 431753                     /opt/arduino-1.6.7/java/lib/amd64/libnio.so
7f8628c04000-7f8628f05000 rw-p 00000000 00:00 0 
7f8628f05000-7f8628f1b000 r-xp 00000000 08:01 431750                     /opt/arduino-1.6.7/java/lib/amd64/libnet.so
7f8628f1b000-7f862911b000 ---p 00016000 08:01 431750                     /opt/arduino-1.6.7/java/lib/amd64/libnet.so
7f862911b000-7f862911c000 rw-p 00016000 08:01 431750                     /opt/arduino-1.6.7/java/lib/amd64/libnet.so
7f862911c000-7f862911f000 ---p 00000000 00:00 0 
7f862911f000-7f862921d000 rw-p 00000000 00:00 0                          [stack:30492]
7f862921d000-7f8629220000 ---p 00000000 00:00 0 
7f8629220000-7f862931e000 rw-p 00000000 00:00 0                          [stack:30491]
7f862931e000-7f8629334000 r-xp 00000000 08:01 15                         /lib/x86_64-linux-gnu/libgcc_s.so.1
7f8629334000-7f8629533000 ---p 00016000 08:01 15                         /lib/x86_64-linux-gnu/libgcc_s.so.1
7f8629533000-7f8629534000 rw-p 00015000 08:01 15                         /lib/x86_64-linux-gnu/libgcc_s.so.1
7f8629534000-7f8629599000 r-xp 00000000 08:01 431739                     /opt/arduino-1.6.7/java/lib/amd64/libfontmanager.so
7f8629599000-7f8629799000 ---p 00065000 08:01 431739                     /opt/arduino-1.6.7/java/lib/amd64/libfontmanager.so
7f8629799000-7f862979d000 rw-p 00065000 08:01 431739                     /opt/arduino-1.6.7/java/lib/amd64/libfontmanager.so
7f862979d000-7f86297ae000 rw-p 00000000 00:00 0 
7f86297ae000-7f86297bd000 r-xp 00000000 08:01 269632                     /usr/lib/x86_64-linux-gnu/libXi.so.6.1.0
7f86297bd000-7f86299bc000 ---p 0000f000 08:01 269632                     /usr/lib/x86_64-linux-gnu/libXi.so.6.1.0
7f86299bc000-7f86299bd000 r--p 0000e000 08:01 269632                     /usr/lib/x86_64-linux-gnu/libXi.so.6.1.0
7f86299bd000-7f86299be000 rw-p 0000f000 08:01 269632                     /usr/lib/x86_64-linux-gnu/libXi.so.6.1.0
7f86299be000-7f86299c3000 r-xp 00000000 08:01 270313                     /usr/lib/x86_64-linux-gnu/libXtst.so.6.1.0
7f86299c3000-7f8629bc2000 ---p 00005000 08:01 270313                     /usr/lib/x86_64-linux-gnu/libXtst.so.6.1.0
7f8629bc2000-7f8629bc3000 r--p 00004000 08:01 270313                     /usr/lib/x86_64-linux-gnu/libXtst.so.6.1.0
7f8629bc3000-7f8629bc4000 rw-p 00005000 08:01 270313                     /usr/lib/x86_64-linux-gnu/libXtst.so.6.1.0
7f8629bc4000-7f8629c18000 r-xp 00000000 08:01 431720                     /opt/arduino-1.6.7/java/lib/amd64/libawt_xawt.so
7f8629c18000-7f8629e18000 ---p 00054000 08:01 431720                     /opt/arduino-1.6.7/java/lib/amd64/libawt_xawt.so
7f8629e18000-7f8629e1c000 rw-p 00054000 08:01 431720                     /opt/arduino-1.6.7/java/lib/amd64/libawt_xawt.so
7f8629e1c000-7f8629e1d000 rw-p 00000000 00:00 0 
7f8629e1d000-7f8629ebf000 r-xp 00000000 08:01 431746                     /opt/arduino-1.6.7/java/lib/amd64/libawt.so
7f8629ebf000-7f862a0bf000 ---p 000a2000 08:01 431746                     /opt/arduino-1.6.7/java/lib/amd64/libawt.so
7f862a0bf000-7f862a0cb000 rw-p 000a2000 08:01 431746                     /opt/arduino-1.6.7/java/lib/amd64/libawt.so
7f862a0cb000-7f862a0ef000 rw-p 00000000 00:00 0 
7f862a0ef000-7f862a0f0000 ---p 00000000 00:00 0 
7f862a0f0000-7f862c000000 rw-p 00000000 00:00 0                          [stack:30490]
7f862c000000-7f862c021000 rw-p 00000000 00:00 0 
7f862c021000-7f8630000000 ---p 00000000 00:00 0 
7f8630000000-7f8630021000 rw-p 00000000 00:00 0 
7f8630021000-7f8634000000 ---p 00000000 00:00 0 
7f8634000000-7f8634021000 rw-p 00000000 00:00 0 
7f8634021000-7f8638000000 ---p 00000000 00:00 0 
7f8638000000-7f8638003000 r--s 00000000 08:05 9603                       /var/cache/fontconfig/e49e89034d371f0f9de17aab02136486-le64.cache-4
7f8638003000-7f8638007000 r--s 00000000 08:05 2491                       /var/cache/fontconfig/9fb319ef52839f11ee26ab8b4cffa12b-le64.cache-4
7f8638024000-7f8638027000 ---p 00000000 00:00 0 
7f8638027000-7f863805d000 rw-p 00000000 00:00 0                          [stack:30601]
7f863805d000-7f863808c000 r--p 00000000 08:01 389044                     /usr/share/glib-2.0/schemas/gschemas.compiled
7f863808c000-7f86380b8000 r--p 00000000 08:01 272825                     /usr/share/locale/ja/LC_MESSAGES/gtk20-properties.mo
7f86380b8000-7f86380bb000 ---p 00000000 00:00 0 
7f86380bb000-7f86380f1000 rw-p 00000000 00:00 0 
7f86380f1000-7f86380f4000 ---p 00000000 00:00 0 
7f86380f4000-7f86381f2000 rw-p 00000000 00:00 0                          [stack:30489]
7f86381f2000-7f86381f5000 ---p 00000000 00:00 0 
7f86381f5000-7f86382f3000 rw-p 00000000 00:00 0                          [stack:30488]
7f86382f3000-7f86382f6000 ---p 00000000 00:00 0 
7f86382f6000-7f86383f4000 rw-p 00000000 00:00 0                          [stack:30487]
7f86383f4000-7f86383f7000 ---p 00000000 00:00 0 
7f86383f7000-7f86384f5000 rw-p 00000000 00:00 0                          [stack:30486]
7f86384f5000-7f86384f8000 ---p 00000000 00:00 0 
7f86384f8000-7f86385f6000 rw-p 00000000 00:00 0                          [stack:30485]
7f86385f6000-7f86385f9000 ---p 00000000 00:00 0 
7f86385f9000-7f86386f7000 rw-p 00000000 00:00 0                          [stack:30484]
7f86386f7000-7f86386fa000 ---p 00000000 00:00 0 
7f86386fa000-7f86387f8000 rw-p 00000000 00:00 0                          [stack:30483]
7f86387f8000-7f86387f9000 ---p 00000000 00:00 0 
7f86387f9000-7f8639000000 rw-p 00000000 00:00 0                          [stack:30482]
7f8639000000-7f863a410000 rwxp 00000000 00:00 0 
7f863a410000-7f8648000000 ---p 00000000 00:00 0 
7f8648000000-7f8648e9c000 rw-p 00000000 00:00 0 
7f8648e9c000-7f864c000000 ---p 00000000 00:00 0 
7f864c000000-7f864c021000 rw-p 00000000 00:00 0 
7f864c021000-7f8650000000 ---p 00000000 00:00 0 
7f8650000000-7f865011b000 rw-p 00000000 00:00 0 
7f865011b000-7f8654000000 ---p 00000000 00:00 0 
7f8654001000-7f8654003000 r--s 00000000 08:05 9553                       /var/cache/fontconfig/4b14b093aebc79c320de5e86ae1d3314-le64.cache-4
7f8654003000-7f8654007000 r--s 00000000 08:05 11122                      /var/cache/fontconfig/7ef2298fde41cc6eeb7af42e48b7d293-le64.cache-4
7f8654020000-7f8654828000 rw-p 00000000 00:00 0 
7f8654828000-7f8654a01000 r--s 03d20000 08:01 431872                     /opt/arduino-1.6.7/java/lib/rt.jar
7f8654a01000-7f86553e2000 rw-p 00000000 00:00 0 
7f86553e2000-7f86553e3000 ---p 00000000 00:00 0 
7f86553e3000-7f86554e3000 rw-p 00000000 00:00 0                          [stack:30481]
7f86554e3000-7f86554e4000 ---p 00000000 00:00 0 
7f86554e4000-7f86555e4000 rw-p 00000000 00:00 0                          [stack:30480]
7f86555e4000-7f86555e5000 ---p 00000000 00:00 0 
7f86555e5000-7f86556e5000 rw-p 00000000 00:00 0                          [stack:30479]
7f86556e5000-7f86556e6000 ---p 00000000 00:00 0 
7f86556e6000-7f8655813000 rw-p 00000000 00:00 0                          [stack:30478]
7f8655813000-7f8655927000 ---p 00000000 00:00 0 
7f8655927000-7f8655954000 rw-p 00000000 00:00 0 
7f8655954000-7f8655a67000 ---p 00000000 00:00 0 
7f8655a67000-7f8655a84000 rw-p 00000000 00:00 0 
7f8655a84000-7f8655b08000 ---p 00000000 00:00 0 
7f8655b08000-7f8655b5a000 rw-p 00000000 00:00 0 
7f8655b5a000-7f8655ec9000 ---p 00000000 00:00 0 
7f8655ec9000-7f8655ee3000 r-xp 00000000 08:01 431734                     /opt/arduino-1.6.7/java/lib/amd64/libzip.so
7f8655ee3000-7f86560e3000 ---p 0001a000 08:01 431734                     /opt/arduino-1.6.7/java/lib/amd64/libzip.so
7f86560e3000-7f86560e4000 rw-p 0001a000 08:01 431734                     /opt/arduino-1.6.7/java/lib/amd64/libzip.so
7f86560e4000-7f86560ef000 r-xp 00000000 08:01 157                        /lib/x86_64-linux-gnu/libnss_files-2.19.so
7f86560ef000-7f86562ee000 ---p 0000b000 08:01 157                        /lib/x86_64-linux-gnu/libnss_files-2.19.so
7f86562ee000-7f86562ef000 r--p 0000a000 08:01 157                        /lib/x86_64-linux-gnu/libnss_files-2.19.so
7f86562ef000-7f86562f0000 rw-p 0000b000 08:01 157                        /lib/x86_64-linux-gnu/libnss_files-2.19.so
7f86562f0000-7f86562fa000 r-xp 00000000 08:01 160                        /lib/x86_64-linux-gnu/libnss_nis-2.19.so
7f86562fa000-7f86564f9000 ---p 0000a000 08:01 160                        /lib/x86_64-linux-gnu/libnss_nis-2.19.so
7f86564f9000-7f86564fa000 r--p 00009000 08:01 160                        /lib/x86_64-linux-gnu/libnss_nis-2.19.so
7f86564fa000-7f86564fb000 rw-p 0000a000 08:01 160                        /lib/x86_64-linux-gnu/libnss_nis-2.19.so
7f86564fb000-7f8656510000 r-xp 00000000 08:01 154                        /lib/x86_64-linux-gnu/libnsl-2.19.so
7f8656510000-7f865670f000 ---p 00015000 08:01 154                        /lib/x86_64-linux-gnu/libnsl-2.19.so
7f865670f000-7f8656710000 r--p 00014000 08:01 154                        /lib/x86_64-linux-gnu/libnsl-2.19.so
7f8656710000-7f8656711000 rw-p 00015000 08:01 154                        /lib/x86_64-linux-gnu/libnsl-2.19.so
7f8656711000-7f8656713000 rw-p 00000000 00:00 0 
7f8656713000-7f865671a000 r-xp 00000000 08:01 155                        /lib/x86_64-linux-gnu/libnss_compat-2.19.so
7f865671a000-7f8656919000 ---p 00007000 08:01 155                        /lib/x86_64-linux-gnu/libnss_compat-2.19.so
7f8656919000-7f865691a000 r--p 00006000 08:01 155                        /lib/x86_64-linux-gnu/libnss_compat-2.19.so
7f865691a000-7f865691b000 rw-p 00007000 08:01 155                        /lib/x86_64-linux-gnu/libnss_compat-2.19.so
7f865691b000-7f8656945000 r-xp 00000000 08:01 431777                     /opt/arduino-1.6.7/java/lib/amd64/libjava.so
7f8656945000-7f8656b45000 ---p 0002a000 08:01 431777                     /opt/arduino-1.6.7/java/lib/amd64/libjava.so
7f8656b45000-7f8656b47000 rw-p 0002a000 08:01 431777                     /opt/arduino-1.6.7/java/lib/amd64/libjava.so
7f8656b47000-7f8656b54000 r-xp 00000000 08:01 431762                     /opt/arduino-1.6.7/java/lib/amd64/libverify.so
7f8656b54000-7f8656d54000 ---p 0000d000 08:01 431762                     /opt/arduino-1.6.7/java/lib/amd64/libverify.so
7f8656d54000-7f8656d56000 rw-p 0000d000 08:01 431762                     /opt/arduino-1.6.7/java/lib/amd64/libverify.so
7f8656d56000-7f8656d5d000 r-xp 00000000 08:01 164                        /lib/x86_64-linux-gnu/librt-2.19.so
7f8656d5d000-7f8656f5c000 ---p 00007000 08:01 164                        /lib/x86_64-linux-gnu/librt-2.19.so
7f8656f5c000-7f8656f5d000 r--p 00006000 08:01 164                        /lib/x86_64-linux-gnu/librt-2.19.so
7f8656f5d000-7f8656f5e000 rw-p 00007000 08:01 164                        /lib/x86_64-linux-gnu/librt-2.19.so
7f8656f5e000-7f8656f63000 r-xp 00000000 08:01 269593                     /usr/lib/x86_64-linux-gnu/libXfixes.so.3.1.0
7f8656f63000-7f8657162000 ---p 00005000 08:01 269593                     /usr/lib/x86_64-linux-gnu/libXfixes.so.3.1.0
7f8657162000-7f8657163000 r--p 00004000 08:01 269593                     /usr/lib/x86_64-linux-gnu/libXfixes.so.3.1.0
7f8657163000-7f8657164000 rw-p 00005000 08:01 269593                     /usr/lib/x86_64-linux-gnu/libXfixes.so.3.1.0
7f8657164000-7f865716d000 r-xp 00000000 08:01 268423                     /usr/lib/x86_64-linux-gnu/libXrender.so.1.3.0
7f865716d000-7f865736c000 ---p 00009000 08:01 268423                     /usr/lib/x86_64-linux-gnu/libXrender.so.1.3.0
7f865736c000-7f865736d000 r--p 00008000 08:01 268423                     /usr/lib/x86_64-linux-gnu/libXrender.so.1.3.0
7f865736d000-7f865736e000 rw-p 00009000 08:01 268423                     /usr/lib/x86_64-linux-gnu/libXrender.so.1.3.0
7f865736e000-7f8657378000 r-xp 00000000 08:01 269630                     /usr/lib/x86_64-linux-gnu/libXcursor.so.1.0.2
7f8657378000-7f8657577000 ---p 0000a000 08:01 269630                     /usr/lib/x86_64-linux-gnu/libXcursor.so.1.0.2
7f8657577000-7f8657578000 r--p 00009000 08:01 269630                     /usr/lib/x86_64-linux-gnu/libXcursor.so.1.0.2
7f8657578000-7f8657579000 rw-p 0000a000 08:01 269630                     /usr/lib/x86_64-linux-gnu/libXcursor.so.1.0.2
7f8657579000-7f865757c000 ---p 00000000 00:00 0 
7f865757c000-7f865767a000 rw-p 00000000 00:00 0                          [stack:30477]
7f865767a000-7f8657782000 r--p 00000000 08:01 264201                     /usr/lib/locale/locale-archive
7f8657782000-7f8657783000 ---p 00000000 00:00 0 
7f8657783000-7f8657f83000 rw-p 00000000 00:00 0 
7f8657f83000-7f8657f88000 r-xp 00000000 08:01 268397                     /usr/lib/x86_64-linux-gnu/libXdmcp.so.6.0.0
7f8657f88000-7f8658187000 ---p 00005000 08:01 268397                     /usr/lib/x86_64-linux-gnu/libXdmcp.so.6.0.0
7f8658187000-7f8658188000 rw-p 00004000 08:01 268397                     /usr/lib/x86_64-linux-gnu/libXdmcp.so.6.0.0
7f8658188000-7f865818b000 r-xp 00000000 08:01 268393                     /usr/lib/x86_64-linux-gnu/libXau.so.6.0.0
7f865818b000-7f865838a000 ---p 00003000 08:01 268393                     /usr/lib/x86_64-linux-gnu/libXau.so.6.0.0
7f865838a000-7f865838b000 r--p 00002000 08:01 268393                     /usr/lib/x86_64-linux-gnu/libXau.so.6.0.0
7f865838b000-7f865838c000 rw-p 00003000 08:01 268393                     /usr/lib/x86_64-linux-gnu/libXau.so.6.0.0
7f865838c000-7f86583ad000 r-xp 00000000 08:01 268401                     /usr/lib/x86_64-linux-gnu/libxcb.so.1.1.0
7f86583ad000-7f86585ac000 ---p 00021000 08:01 268401                     /usr/lib/x86_64-linux-gnu/libxcb.so.1.1.0
7f86585ac000-7f86585ad000 r--p 00020000 08:01 268401                     /usr/lib/x86_64-linux-gnu/libxcb.so.1.1.0
7f86585ad000-7f86585ae000 rw-p 00021000 08:01 268401                     /usr/lib/x86_64-linux-gnu/libxcb.so.1.1.0
7f86585ae000-7f86585bf000 r-xp 00000000 08:01 268415                     /usr/lib/x86_64-linux-gnu/libXext.so.6.4.0
7f86585bf000-7f86587be000 ---p 00011000 08:01 268415                     /usr/lib/x86_64-linux-gnu/libXext.so.6.4.0
7f86587be000-7f86587bf000 r--p 00010000 08:01 268415                     /usr/lib/x86_64-linux-gnu/libXext.so.6.4.0
7f86587bf000-7f86587c0000 rw-p 00011000 08:01 268415                     /usr/lib/x86_64-linux-gnu/libXext.so.6.4.0
7f86587c0000-7f86588fc000 r-xp 00000000 08:01 268409                     /usr/lib/x86_64-linux-gnu/libX11.so.6.3.0
7f86588fc000-7f8658afb000 ---p 0013c000 08:01 268409                     /usr/lib/x86_64-linux-gnu/libX11.so.6.3.0
7f8658afb000-7f8658afd000 r--p 0013b000 08:01 268409                     /usr/lib/x86_64-linux-gnu/libX11.so.6.3.0
7f8658afd000-7f8658b02000 rw-p 0013d000 08:01 268409                     /usr/lib/x86_64-linux-gnu/libX11.so.6.3.0
7f8658b02000-7f8658b03000 rw-p 00000000 00:00 0 
7f8658b03000-7f8658b64000 r-xp 00000000 08:01 431731                     /opt/arduino-1.6.7/java/lib/amd64/libsplashscreen.so
7f8658b64000-7f8658d64000 ---p 00061000 08:01 431731                     /opt/arduino-1.6.7/java/lib/amd64/libsplashscreen.so
7f8658d64000-7f8658d65000 rw-p 00061000 08:01 431731                     /opt/arduino-1.6.7/java/lib/amd64/libsplashscreen.so
7f8658d65000-7f8658d68000 rw-p 00000000 00:00 0 
7f8658d68000-7f8658e68000 r-xp 00000000 08:01 152                        /lib/x86_64-linux-gnu/libm-2.19.so
7f8658e68000-7f8659067000 ---p 00100000 08:01 152                        /lib/x86_64-linux-gnu/libm-2.19.so
7f8659067000-7f8659068000 r--p 000ff000 08:01 152                        /lib/x86_64-linux-gnu/libm-2.19.so
7f8659068000-7f8659069000 rw-p 00100000 08:01 152                        /lib/x86_64-linux-gnu/libm-2.19.so
7f8659069000-7f8659d27000 r-xp 00000000 08:01 431735                     /opt/arduino-1.6.7/java/lib/amd64/server/libjvm.so
7f8659d27000-7f8659f26000 ---p 00cbe000 08:01 431735                     /opt/arduino-1.6.7/java/lib/amd64/server/libjvm.so
7f8659f26000-7f8659fff000 rw-p 00cbd000 08:01 431735                     /opt/arduino-1.6.7/java/lib/amd64/server/libjvm.so
7f8659fff000-7f865a043000 rw-p 00000000 00:00 0 
7f865a043000-7f865a1e5000 r-xp 00000000 08:01 148                        /lib/x86_64-linux-gnu/libc-2.19.so
7f865a1e5000-7f865a3e4000 ---p 001a2000 08:01 148                        /lib/x86_64-linux-gnu/libc-2.19.so
7f865a3e4000-7f865a3e8000 r--p 001a1000 08:01 148                        /lib/x86_64-linux-gnu/libc-2.19.so
7f865a3e8000-7f865a3ea000 rw-p 001a5000 08:01 148                        /lib/x86_64-linux-gnu/libc-2.19.so
7f865a3ea000-7f865a3ee000 rw-p 00000000 00:00 0 
7f865a3ee000-7f865a3f1000 r-xp 00000000 08:01 151                        /lib/x86_64-linux-gnu/libdl-2.19.so
7f865a3f1000-7f865a5f0000 ---p 00003000 08:01 151                        /lib/x86_64-linux-gnu/libdl-2.19.so
7f865a5f0000-7f865a5f1000 r--p 00002000 08:01 151                        /lib/x86_64-linux-gnu/libdl-2.19.so
7f865a5f1000-7f865a5f2000 rw-p 00003000 08:01 151                        /lib/x86_64-linux-gnu/libdl-2.19.so
7f865a5f2000-7f865a607000 r-xp 00000000 08:01 431727                     /opt/arduino-1.6.7/java/lib/amd64/jli/libjli.so
7f865a607000-7f865a807000 ---p 00015000 08:01 431727                     /opt/arduino-1.6.7/java/lib/amd64/jli/libjli.so
7f865a807000-7f865a808000 rw-p 00015000 08:01 431727                     /opt/arduino-1.6.7/java/lib/amd64/jli/libjli.so
7f865a808000-7f865a820000 r-xp 00000000 08:01 144                        /lib/x86_64-linux-gnu/libpthread-2.19.so
7f865a820000-7f865aa1f000 ---p 00018000 08:01 144                        /lib/x86_64-linux-gnu/libpthread-2.19.so
7f865aa1f000-7f865aa20000 r--p 00017000 08:01 144                        /lib/x86_64-linux-gnu/libpthread-2.19.so
7f865aa20000-7f865aa21000 rw-p 00018000 08:01 144                        /lib/x86_64-linux-gnu/libpthread-2.19.so
7f865aa21000-7f865aa25000 rw-p 00000000 00:00 0 
7f865aa25000-7f865aa45000 r-xp 00000000 08:01 145                        /lib/x86_64-linux-gnu/ld-2.19.so
7f865aa46000-7f865aa48000 r--s 00000000 08:05 8529                       /var/cache/fontconfig/16326683038b281783a0ef8c680e3a10-le64.cache-4
7f865aa4d000-7f865aa50000 r--p 00000000 08:08 3286919                    /home/kei/.config/dconf/user (deleted)
7f865aa50000-7f865aa55000 r--s 00096000 08:01 431687                     /opt/arduino-1.6.7/java/lib/jsse.jar
7f865aa55000-7f865aa5c000 r--p 00000000 08:01 269188                     /usr/share/locale/ja/LC_MESSAGES/gdk-pixbuf.mo
7f865aa5c000-7f865aa5d000 r--s 00000000 08:08 3540837                    /home/kei/.local/share/mime/mime.cache
7f865aa5d000-7f865aa5e000 r--s 00000000 00:26 1398276                    /run/user/1000/dconf/user (deleted)
7f865aa5e000-7f865aa6e000 r--p 00000000 08:01 272826                     /usr/share/locale/ja/LC_MESSAGES/gtk20.mo
7f865aa6e000-7f865aa79000 r--s 000f8000 08:01 429785                     /opt/arduino-1.6.7/lib/rsyntaxtextarea-2.5.8.1+arduino.jar
7f865aa79000-7f865aa83000 r--s 00116000 08:01 431899                     /opt/arduino-1.6.7/java/lib/ext/localedata.jar
7f865aa83000-7f865aa9f000 r--s 00393000 08:01 431900                     /opt/arduino-1.6.7/java/lib/ext/cldrdata.jar
7f865aa9f000-7f865aac7000 r--p 00000000 08:01 261405                     /usr/share/locale/ja/LC_MESSAGES/libc.mo
7f865aac7000-7f865aace000 r--s 0005d000 08:01 429777                     /opt/arduino-1.6.7/lib/pde.jar
7f865aace000-7f865aad0000 r--s 00024000 08:01 429790                     /opt/arduino-1.6.7/lib/jssc-2.8.0.jar
7f865aad0000-7f865aad4000 r--s 0003b000 08:01 429787                     /opt/arduino-1.6.7/lib/jsch-0.1.50.jar
7f865aad4000-7f865aae5000 r--s 00155000 08:01 429782                     /opt/arduino-1.6.7/lib/jna-platform-4.1.0.jar
7f865aae5000-7f865aae9000 r--s 000dc000 08:01 429828                     /opt/arduino-1.6.7/lib/jna-4.1.0.jar
7f865aae9000-7f865aaed000 r--s 0002f000 08:01 429776                     /opt/arduino-1.6.7/lib/jmdns-3.4.1.jar
7f865aaed000-7f865aaef000 r--s 00009000 08:01 429799                     /opt/arduino-1.6.7/lib/java-semver-0.8.0.jar
7f865aaf1000-7f865ab01000 rw-s 00000000 00:04 76414982                   /SYSV00000000 (deleted)
7f865ab01000-7f865ab13000 r--s 00345000 08:01 431883                     /opt/arduino-1.6.7/java/lib/resources.jar
7f865ab29000-7f865ab89000 rw-s 00000000 00:04 64323589                   /SYSV00000000 (deleted)
7f865ab89000-7f865ab8a000 r--s 00000000 08:05 7904                       /var/cache/fontconfig/4794a0821666d79190d59a36cb4f44b5-le64.cache-4
7f865ab8a000-7f865ab8c000 r--s 00012000 08:01 429823                     /opt/arduino-1.6.7/lib/jackson-module-mrbean-2.6.3.jar
7f865ab8c000-7f865ab9d000 r--s 0010d000 08:01 429826                     /opt/arduino-1.6.7/lib/jackson-databind-2.6.3.jar
7f865ab9d000-7f865aba1000 r--s 0003c000 08:01 429822                     /opt/arduino-1.6.7/lib/jackson-core-2.6.3.jar
7f865aba1000-7f865aba4000 r--s 00009000 08:01 429800                     /opt/arduino-1.6.7/lib/jackson-annotations-2.6.3.jar
7f865aba4000-7f865abaa000 r--s 0003f000 08:01 429824                     /opt/arduino-1.6.7/lib/commons-net-3.3.jar
7f865abaa000-7f865abac000 r--s 00008000 08:01 429781                     /opt/arduino-1.6.7/lib/commons-logging-1.0.4.jar
7f865abac000-7f865abb3000 r--s 0005e000 08:01 429784                     /opt/arduino-1.6.7/lib/commons-lang3-3.3.2.jar
7f865abb3000-7f865abb9000 r--s 00045000 08:01 429803                     /opt/arduino-1.6.7/lib/commons-httpclient-3.1.jar
7f865abb9000-7f865abbb000 r--s 0000b000 08:01 429795                     /opt/arduino-1.6.7/lib/commons-exec-1.1.jar
7f865abbb000-7f865abc2000 r--s 00053000 08:01 429774                     /opt/arduino-1.6.7/lib/commons-compress-1.8.jar
7f865abc2000-7f865abc9000 r--s 00039000 08:01 429783                     /opt/arduino-1.6.7/lib/commons-codec-1.7.jar
7f865abc9000-7f865ac09000 r--s 00285000 08:01 429779                     /opt/arduino-1.6.7/lib/bcprov-jdk15on-152.jar
7f865ac09000-7f865ac10000 r--s 0003c000 08:01 429778                     /opt/arduino-1.6.7/lib/bcpg-jdk15on-152.jar
7f865ac10000-7f865ac27000 rw-p 00000000 00:00 0 
7f865ac27000-7f865ac28000 r--s 00000000 08:05 1304                       /var/cache/fontconfig/62f91419b9ebdb6975e7e41ab6412357-le64.cache-4
7f865ac28000-7f865ac2e000 r--s 0015c000 08:01 429798                     /opt/arduino-1.6.7/lib/arduino-core.jar
7f865ac2e000-7f865ac31000 r--s 00004000 08:01 429797                     /opt/arduino-1.6.7/lib/apple.jar
7f865ac31000-7f865ac39000 rw-s 00000000 08:07 17                         /tmp/hsperfdata_kei/30475
7f865ac39000-7f865ac3a000 rw-p 00000000 00:00 0 
7f865ac3a000-7f865ac3b000 r--s 00000000 08:05 8258                       /var/cache/fontconfig/e0aa53bcfa504e64f87823c16bc01eb6-le64.cache-4
7f865ac3b000-7f865ac3c000 r--p 00000000 00:00 0 
7f865ac3c000-7f865ac43000 r--s 00000000 08:01 310937                     /usr/lib/x86_64-linux-gnu/gconv/gconv-modules.cache
7f865ac43000-7f865ac45000 rw-p 00000000 00:00 0 
7f865ac45000-7f865ac46000 r--p 00020000 08:01 145                        /lib/x86_64-linux-gnu/ld-2.19.so
7f865ac46000-7f865ac47000 rw-p 00021000 08:01 145                        /lib/x86_64-linux-gnu/ld-2.19.so
7f865ac47000-7f865ac48000 rw-p 00000000 00:00 0 
7ffc5f4ce000-7ffc5f4f0000 rw-p 00000000 00:00 0                          [stack]
7ffc5f5dc000-7ffc5f5de000 r-xp 00000000 00:00 0                          [vdso]
7ffc5f5de000-7ffc5f5e0000 r--p 00000000 00:00 0                          [vvar]
ffffffffff600000-ffffffffff601000 r-xp 00000000 00:00 0                  [vsyscall]

VM Arguments:
jvm_args: -DAPP_DIR=/opt/arduino-1.6.7 -Dswing.defaultlaf=com.sun.java.swing.plaf.gtk.GTKLookAndFeel 
java_command: processing.app.Base Tanegasima2016.ino
java_class_path (initial): :/opt/arduino-1.6.7/java/lib/rt.jar:/opt/arduino-1.6.7/java/lib/tools.jar:/opt/arduino-1.6.7/lib/apple.jar:/opt/arduino-1.6.7/lib/arduino-core.jar:/opt/arduino-1.6.7/lib/bcpg-jdk15on-152.jar:/opt/arduino-1.6.7/lib/bcprov-jdk15on-152.jar:/opt/arduino-1.6.7/lib/commons-codec-1.7.jar:/opt/arduino-1.6.7/lib/commons-compress-1.8.jar:/opt/arduino-1.6.7/lib/commons-exec-1.1.jar:/opt/arduino-1.6.7/lib/commons-httpclient-3.1.jar:/opt/arduino-1.6.7/lib/commons-lang3-3.3.2.jar:/opt/arduino-1.6.7/lib/commons-logging-1.0.4.jar:/opt/arduino-1.6.7/lib/commons-net-3.3.jar:/opt/arduino-1.6.7/lib/jackson-annotations-2.6.3.jar:/opt/arduino-1.6.7/lib/jackson-core-2.6.3.jar:/opt/arduino-1.6.7/lib/jackson-databind-2.6.3.jar:/opt/arduino-1.6.7/lib/jackson-module-mrbean-2.6.3.jar:/opt/arduino-1.6.7/lib/java-semver-0.8.0.jar:/opt/arduino-1.6.7/lib/jmdns-3.4.1.jar:/opt/arduino-1.6.7/lib/jna-4.1.0.jar:/opt/arduino-1.6.7/lib/jna-platform-4.1.0.jar:/opt/arduino-1.6.7/lib/jsch-0.1.50.jar:/opt/arduino-1.6.7/lib/jssc-2.8.0.jar:/opt/arduino-1.6.7/lib/pde.jar:/opt/arduino-1.6.7/lib/rsyntaxtextarea-2.5.8.1+arduino.jar
Launcher Type: SUN_STANDARD

Environment Variables:
JAVA_TOOL_OPTIONS=
CLASSPATH=:/opt/arduino-1.6.7/java/lib/rt.jar:/opt/arduino-1.6.7/java/lib/tools.jar:/opt/arduino-1.6.7/lib/apple.jar:/opt/arduino-1.6.7/lib/arduino-core.jar:/opt/arduino-1.6.7/lib/bcpg-jdk15on-152.jar:/opt/arduino-1.6.7/lib/bcprov-jdk15on-152.jar:/opt/arduino-1.6.7/lib/commons-codec-1.7.jar:/opt/arduino-1.6.7/lib/commons-compress-1.8.jar:/opt/arduino-1.6.7/lib/commons-exec-1.1.jar:/opt/arduino-1.6.7/lib/commons-httpclient-3.1.jar:/opt/arduino-1.6.7/lib/commons-lang3-3.3.2.jar:/opt/arduino-1.6.7/lib/commons-logging-1.0.4.jar:/opt/arduino-1.6.7/lib/commons-net-3.3.jar:/opt/arduino-1.6.7/lib/jackson-annotations-2.6.3.jar:/opt/arduino-1.6.7/lib/jackson-core-2.6.3.jar:/opt/arduino-1.6.7/lib/jackson-databind-2.6.3.jar:/opt/arduino-1.6.7/lib/jackson-module-mrbean-2.6.3.jar:/opt/arduino-1.6.7/lib/java-semver-0.8.0.jar:/opt/arduino-1.6.7/lib/jmdns-3.4.1.jar:/opt/arduino-1.6.7/lib/jna-4.1.0.jar:/opt/arduino-1.6.7/lib/jna-platform-4.1.0.jar:/opt/arduino-1.6.7/lib/jsch-0.1.50.jar:/opt/arduino-1.6.7/lib/jssc-2.8.0.jar:/opt/arduino-1.6.7/lib/pde.jar:/opt/arduino-1.6.7/lib/rsyntaxtextarea-2.5.8.1+arduino.jar
PATH=/opt/arduino-1.6.7/java/bin:/usr/local/bin:/usr/bin:/bin:/usr/local/games:/usr/games
USERNAME=kei
LD_LIBRARY_PATH=/opt/arduino-1.6.7/lib
SHELL=/bin/bash
DISPLAY=:0

Signal Handlers:
SIGSEGV: [libjvm.so+0xaba2a0], sa_mask[0]=11111111011111111101111111111110, sa_flags=SA_RESTART|SA_SIGINFO
SIGBUS: [libjvm.so+0xaba2a0], sa_mask[0]=11111111011111111101111111111110, sa_flags=SA_RESTART|SA_SIGINFO
SIGFPE: [libjvm.so+0x917710], sa_mask[0]=11111111011111111101111111111110, sa_flags=SA_RESTART|SA_SIGINFO
SIGPIPE: SIG_IGN, sa_mask[0]=00000000000010000000000000000000, sa_flags=SA_RESTART
SIGXFSZ: [libjvm.so+0x917710], sa_mask[0]=11111111011111111101111111111110, sa_flags=SA_RESTART|SA_SIGINFO
SIGILL: [libjvm.so+0x917710], sa_mask[0]=11111111011111111101111111111110, sa_flags=SA_RESTART|SA_SIGINFO
SIGUSR1: SIG_DFL, sa_mask[0]=00000000000000000000000000000000, sa_flags=none
SIGUSR2: [libjvm.so+0x918d40], sa_mask[0]=00000000000000000000000000000000, sa_flags=SA_RESTART|SA_SIGINFO
SIGHUP: [libjvm.so+0x91a140], sa_mask[0]=11111111011111111101111111111110, sa_flags=SA_RESTART|SA_SIGINFO
SIGINT: [libjvm.so+0x91a140], sa_mask[0]=11111111011111111101111111111110, sa_flags=SA_RESTART|SA_SIGINFO
SIGTERM: [libjvm.so+0x91a140], sa_mask[0]=11111111011111111101111111111110, sa_flags=SA_RESTART|SA_SIGINFO
SIGQUIT: [libjvm.so+0x91a140], sa_mask[0]=11111111011111111101111111111110, sa_flags=SA_RESTART|SA_SIGINFO


---------------  S Y S T E M  ---------------

OS:PRETTY_NAME="Debian GNU/Linux 8 (jessie)"
NAME="Debian GNU/Linux"
VERSION_ID="8"
VERSION="8 (jessie)"
ID=debian
HOME_URL="http://www.debian.org/"
SUPPORT_URL="http://www.debian.org/support"
BUG_REPORT_URL="https://bugs.debian.org/"

uname:Linux 3.16.0-4-amd64 #1 SMP Debian 3.16.7-ckt20-1+deb8u3 (2016-01-17) x86_64
libc:glibc 2.19 NPTL 2.19 
rlimit: STACK 8192k, CORE 0k, NPROC 15319, NOFILE 65536, AS infinity
load average:0.17 0.23 0.19

/proc/meminfo:
MemTotal:        3938628 kB
MemFree:         1749540 kB
MemAvailable:    2800424 kB
Buffers:          166368 kB
Cached:          1162844 kB
SwapCached:            0 kB
Active:          1451888 kB
Inactive:         541088 kB
Active(anon):     666380 kB
Inactive(anon):   169496 kB
Active(file):     785508 kB
Inactive(file):   371592 kB
Unevictable:          16 kB
Mlocked:              16 kB
SwapTotal:             0 kB
SwapFree:              0 kB
Dirty:                28 kB
Writeback:            28 kB
AnonPages:        663252 kB
Mapped:           149820 kB
Shmem:            172408 kB
Slab:             153664 kB
SReclaimable:     125424 kB
SUnreclaim:        28240 kB
KernelStack:        5552 kB
PageTables:         7708 kB
NFS_Unstable:          0 kB
Bounce:                0 kB
WritebackTmp:          0 kB
CommitLimit:     1969312 kB
Committed_AS:    1761932 kB
VmallocTotal:   34359738367 kB
VmallocUsed:      347436 kB
VmallocChunk:   34359305888 kB
HardwareCorrupted:     0 kB
AnonHugePages:         0 kB
HugePages_Total:       0
HugePages_Free:        0
HugePages_Rsvd:        0
HugePages_Surp:        0
Hugepagesize:       2048 kB
DirectMap4k:       75392 kB
DirectMap2M:     3999744 kB


CPU:total 4 (2 cores per cpu, 2 threads per core) family 6 model 42 stepping 7, cmov, cx8, fxsr, mmx, sse, sse2, sse3, ssse3, sse4.1, sse4.2, popcnt, avx, aes, clmul, ht, tsc, tscinvbit

/proc/cpuinfo:
processor	: 0
vendor_id	: GenuineIntel
cpu family	: 6
model		: 42
model name	: Intel(R) Core(TM) i7-2620M CPU @ 2.70GHz
stepping	: 7
microcode	: 0x28
cpu MHz		: 1807.628
cache size	: 4096 KB
physical id	: 0
siblings	: 4
core id		: 0
cpu cores	: 2
apicid		: 0
initial apicid	: 0
fpu		: yes
fpu_exception	: yes
cpuid level	: 13
wp		: yes
flags		: fpu vme de pse tsc msr pae mce cx8 apic sep mtrr pge mca cmov pat pse36 clflush dts acpi mmx fxsr sse sse2 ss ht tm pbe syscall nx rdtscp lm constant_tsc arch_perfmon pebs bts nopl xtopology nonstop_tsc aperfmperf eagerfpu pni pclmulqdq dtes64 monitor ds_cpl vmx smx est tm2 ssse3 cx16 xtpr pdcm pcid sse4_1 sse4_2 x2apic popcnt tsc_deadline_timer aes xsave avx lahf_lm ida arat epb xsaveopt pln pts dtherm tpr_shadow vnmi flexpriority ept vpid
bogomips	: 5382.85
clflush size	: 64
cache_alignment	: 64
address sizes	: 36 bits physical, 48 bits virtual
power management:

processor	: 1
vendor_id	: GenuineIntel
cpu family	: 6
model		: 42
model name	: Intel(R) Core(TM) i7-2620M CPU @ 2.70GHz
stepping	: 7
microcode	: 0x28
cpu MHz		: 1731.585
cache size	: 4096 KB
physical id	: 0
siblings	: 4
core id		: 0
cpu cores	: 2
apicid		: 1
initial apicid	: 1
fpu		: yes
fpu_exception	: yes
cpuid level	: 13
wp		: yes
flags		: fpu vme de pse tsc msr pae mce cx8 apic sep mtrr pge mca cmov pat pse36 clflush dts acpi mmx fxsr sse sse2 ss ht tm pbe syscall nx rdtscp lm constant_tsc arch_perfmon pebs bts nopl xtopology nonstop_tsc aperfmperf eagerfpu pni pclmulqdq dtes64 monitor ds_cpl vmx smx est tm2 ssse3 cx16 xtpr pdcm pcid sse4_1 sse4_2 x2apic popcnt tsc_deadline_timer aes xsave avx lahf_lm ida arat epb xsaveopt pln pts dtherm tpr_shadow vnmi flexpriority ept vpid
bogomips	: 5382.85
clflush size	: 64
cache_alignment	: 64
address sizes	: 36 bits physical, 48 bits virtual
power management:

processor	: 2
vendor_id	: GenuineIntel
cpu family	: 6
model		: 42
model name	: Intel(R) Core(TM) i7-2620M CPU @ 2.70GHz
stepping	: 7
microcode	: 0x28
cpu MHz		: 1869.328
cache size	: 4096 KB
physical id	: 0
siblings	: 4
core id		: 1
cpu cores	: 2
apicid		: 2
initial apicid	: 2
fpu		: yes
fpu_exception	: yes
cpuid level	: 13
wp		: yes
flags		: fpu vme de pse tsc msr pae mce cx8 apic sep mtrr pge mca cmov pat pse36 clflush dts acpi mmx fxsr sse sse2 ss ht tm pbe syscall nx rdtscp lm constant_tsc arch_perfmon pebs bts nopl xtopology nonstop_tsc aperfmperf eagerfpu pni pclmulqdq dtes64 monitor ds_cpl vmx smx est tm2 ssse3 cx16 xtpr pdcm pcid sse4_1 sse4_2 x2apic popcnt tsc_deadline_timer aes xsave avx lahf_lm ida arat epb xsaveopt pln pts dtherm tpr_shadow vnmi flexpriority ept vpid
bogomips	: 5382.85
clflush size	: 64
cache_alignment	: 64
address sizes	: 36 bits physical, 48 bits virtual
power management:

processor	: 3
vendor_id	: GenuineIntel
cpu family	: 6
model		: 42
model name	: Intel(R) Core(TM) i7-2620M CPU @ 2.70GHz
stepping	: 7
microcode	: 0x28
cpu MHz		: 1712.601
cache size	: 4096 KB
physical id	: 0
siblings	: 4
core id		: 1
cpu cores	: 2
apicid		: 3
initial apicid	: 3
fpu		: yes
fpu_exception	: yes
cpuid level	: 13
wp		: yes
flags		: fpu vme de pse tsc msr pae mce cx8 apic sep mtrr pge mca cmov pat pse36 clflush dts acpi mmx fxsr sse sse2 ss ht tm pbe syscall nx rdtscp lm constant_tsc arch_perfmon pebs bts nopl xtopology nonstop_tsc aperfmperf eagerfpu pni pclmulqdq dtes64 monitor ds_cpl vmx smx est tm2 ssse3 cx16 xtpr pdcm pcid sse4_1 sse4_2 x2apic popcnt tsc_deadline_timer aes xsave avx lahf_lm ida arat epb xsaveopt pln pts dtherm tpr_shadow vnmi flexpriority ept vpid
bogomips	: 5382.85
clflush size	: 64
cache_alignment	: 64
address sizes	: 36 bits physical, 48 bits virtual
power management:



Memory: 4k page, physical 3938628k(1749836k free), swap 0k(0k free)

vm_info: Java HotSpot(TM) 64-Bit Server VM (25.66-b17) for linux-amd64 JRE (1.8.0_66-b17), built on Oct  6 2015 17:28:34 by "java_re" with gcc 4.3.0 20080428 (Red Hat 4.3.0-8)

time: Wed Feb 24 19:50:25 2016
elapsed time: 10913 seconds (0d 3h 1m 53s)

